This is pdfTeX, Version 3.141592653-2.6-1.40.24 (MiKTeX 22.8.28) (preloaded format=pdflatex 2022.9.21)  31 MAY 2023 01:39
entering extended mode
 \write18 enabled.
 file:line:error style messages enabled.
 %&-line parsing enabled.
**d:/python/TIPE_TMD/Beamer/beamer_presentation_v3.tex
(d:/python/TIPE_TMD/Beamer/beamer_presentation_v3.tex
LaTeX2e <2022-06-01> patch level 5
L3 programming layer <2022-08-30> (C:\Users\franc\AppData\Local\Programs\MiKTeX\tex/latex/beamer\beamer.cls
Document Class: beamer 2023/05/15 v3.70 A class for typesetting presentations
(C:\Users\franc\AppData\Local\Programs\MiKTeX\tex/latex/beamer\beamerbasemodes.sty (C:\Users\franc\AppData\Local\Programs\MiKTeX\tex/latex/etoolbox\etoolbox.sty
Package: etoolbox 2020/10/05 v2.5k e-TeX tools for LaTeX (JAW)
\etb@tempcnta=\count185
)
\beamer@tempbox=\box51
\beamer@tempcount=\count186
\c@beamerpauses=\count187
 (C:\Users\franc\AppData\Local\Programs\MiKTeX\tex/latex/beamer\beamerbasedecode.sty
\beamer@slideinframe=\count188
\beamer@minimum=\count189
\beamer@decode@box=\box52
)
\beamer@commentbox=\box53
\beamer@modecount=\count190
) (C:\Users\franc\AppData\Local\Programs\MiKTeX\tex/generic/iftex\iftex.sty
Package: iftex 2022/02/03 v1.0f TeX engine tests
)
\headdp=\dimen138
\footheight=\dimen139
\sidebarheight=\dimen140
\beamer@tempdim=\dimen141
\beamer@finalheight=\dimen142
\beamer@animht=\dimen143
\beamer@animdp=\dimen144
\beamer@animwd=\dimen145
\beamer@leftmargin=\dimen146
\beamer@rightmargin=\dimen147
\beamer@leftsidebar=\dimen148
\beamer@rightsidebar=\dimen149
\beamer@boxsize=\dimen150
\beamer@vboxoffset=\dimen151
\beamer@descdefault=\dimen152
\beamer@descriptionwidth=\dimen153
\beamer@lastskip=\skip47
\beamer@areabox=\box54
\beamer@animcurrent=\box55
\beamer@animshowbox=\box56
\beamer@sectionbox=\box57
\beamer@logobox=\box58
\beamer@linebox=\box59
\beamer@sectioncount=\count191
\beamer@subsubsectionmax=\count192
\beamer@subsectionmax=\count193
\beamer@sectionmax=\count194
\beamer@totalheads=\count195
\beamer@headcounter=\count196
\beamer@partstartpage=\count197
\beamer@sectionstartpage=\count198
\beamer@subsectionstartpage=\count199
\beamer@animationtempa=\count266
\beamer@animationtempb=\count267
\beamer@xpos=\count268
\beamer@ypos=\count269
\beamer@ypos@offset=\count270
\beamer@showpartnumber=\count271
\beamer@currentsubsection=\count272
\beamer@coveringdepth=\count273
\beamer@sectionadjust=\count274
\beamer@toclastsection=\count275
\beamer@tocsectionnumber=\count276
 (C:\Users\franc\AppData\Local\Programs\MiKTeX\tex/latex/beamer\beamerbaseoptions.sty (C:\Users\franc\AppData\Local\Programs\MiKTeX\tex/latex/graphics\keyval.sty
Package: keyval 2022/05/29 v1.15 key=value parser (DPC)
\KV@toks@=\toks16
))
\beamer@paperwidth=\skip48
\beamer@paperheight=\skip49
 (C:\Users\franc\AppData\Local\Programs\MiKTeX\tex/latex/geometry\geometry.sty
Package: geometry 2020/01/02 v5.9 Page Geometry
 (C:\Users\franc\AppData\Local\Programs\MiKTeX\tex/generic/iftex\ifvtex.sty
Package: ifvtex 2019/10/25 v1.7 ifvtex legacy package. Use iftex instead.
)
\Gm@cnth=\count277
\Gm@cntv=\count278
\c@Gm@tempcnt=\count279
\Gm@bindingoffset=\dimen154
\Gm@wd@mp=\dimen155
\Gm@odd@mp=\dimen156
\Gm@even@mp=\dimen157
\Gm@layoutwidth=\dimen158
\Gm@layoutheight=\dimen159
\Gm@layouthoffset=\dimen160
\Gm@layoutvoffset=\dimen161
\Gm@dimlist=\toks17
 (C:\Users\franc\AppData\Local\Programs\MiKTeX\tex/latex/geometry\geometry.cfg)) (C:\Users\franc\AppData\Local\Programs\MiKTeX\tex/latex/pgf/math\pgfmath.sty (C:\Users\franc\AppData\Local\Programs\MiKTeX\tex/latex/pgf/utilities\pgfrcs.sty (C:\Users\franc\AppData\Local\Programs\MiKTeX\tex/generic/pgf/utilities\pgfutil-common.tex
\pgfutil@everybye=\toks18
\pgfutil@tempdima=\dimen162
\pgfutil@tempdimb=\dimen163
 (C:\Users\franc\AppData\Local\Programs\MiKTeX\tex/generic/pgf/utilities\pgfutil-common-lists.tex)) (C:\Users\franc\AppData\Local\Programs\MiKTeX\tex/generic/pgf/utilities\pgfutil-latex.def
\pgfutil@abb=\box60
) (C:\Users\franc\AppData\Local\Programs\MiKTeX\tex/generic/pgf/utilities\pgfrcs.code.tex (C:\Users\franc\AppData\Local\Programs\MiKTeX\tex/generic/pgf\pgf.revision.tex)
Package: pgfrcs 2021/05/15 v3.1.9a (3.1.9a)
)) (C:\Users\franc\AppData\Local\Programs\MiKTeX\tex/latex/pgf/utilities\pgfkeys.sty (C:\Users\franc\AppData\Local\Programs\MiKTeX\tex/generic/pgf/utilities\pgfkeys.code.tex
\pgfkeys@pathtoks=\toks19
\pgfkeys@temptoks=\toks20
 (C:\Users\franc\AppData\Local\Programs\MiKTeX\tex/generic/pgf/utilities\pgfkeysfiltered.code.tex
\pgfkeys@tmptoks=\toks21
))) (C:\Users\franc\AppData\Local\Programs\MiKTeX\tex/generic/pgf/math\pgfmath.code.tex (C:\Users\franc\AppData\Local\Programs\MiKTeX\tex/generic/pgf/math\pgfmathcalc.code.tex (C:\Users\franc\AppData\Local\Programs\MiKTeX\tex/generic/pgf/math\pgfmathutil.code.tex
\pgf@x=\dimen164
\pgf@xa=\dimen165
\pgf@xb=\dimen166
\pgf@xc=\dimen167
\pgf@y=\dimen168
\pgf@ya=\dimen169
\pgf@yb=\dimen170
\pgf@yc=\dimen171
\c@pgf@counta=\count280
\c@pgf@countb=\count281
\c@pgf@countc=\count282
\c@pgf@countd=\count283
) (C:\Users\franc\AppData\Local\Programs\MiKTeX\tex/generic/pgf/math\pgfmathparser.code.tex
\pgfmath@dimen=\dimen172
\pgfmath@count=\count284
\pgfmath@box=\box61
\pgfmath@toks=\toks22
\pgfmath@stack@operand=\toks23
\pgfmath@stack@operation=\toks24
) (C:\Users\franc\AppData\Local\Programs\MiKTeX\tex/generic/pgf/math\pgfmathfunctions.code.tex (C:\Users\franc\AppData\Local\Programs\MiKTeX\tex/generic/pgf/math\pgfmathfunctions.basic.code.tex) (C:\Users\franc\AppData\Local\Programs\MiKTeX\tex/generic/pgf/math\pgfmathfunctions.trigonometric.code.tex) (C:\Users\franc\AppData\Local\Programs\MiKTeX\tex/generic/pgf/math\pgfmathfunctions.random.code.tex) (C:\Users\franc\AppData\Local\Programs\MiKTeX\tex/generic/pgf/math\pgfmathfunctions.comparison.code.tex) (C:\Users\franc\AppData\Local\Programs\MiKTeX\tex/generic/pgf/math\pgfmathfunctions.base.code.tex) (C:\Users\franc\AppData\Local\Programs\MiKTeX\tex/generic/pgf/math\pgfmathfunctions.round.code.tex) (C:\Users\franc\AppData\Local\Programs\MiKTeX\tex/generic/pgf/math\pgfmathfunctions.misc.code.tex) (C:\Users\franc\AppData\Local\Programs\MiKTeX\tex/generic/pgf/math\pgfmathfunctions.integerarithmetics.code.tex))) (C:\Users\franc\AppData\Local\Programs\MiKTeX\tex/generic/pgf/math\pgfmathfloat.code.tex
\c@pgfmathroundto@lastzeros=\count285
))) (C:\Users\franc\AppData\Local\Programs\MiKTeX\tex/latex/base\size11.clo
File: size11.clo 2021/10/04 v1.4n Standard LaTeX file (size option)
) (C:\Users\franc\AppData\Local\Programs\MiKTeX\tex/latex/pgf/basiclayer\pgfcore.sty (C:\Users\franc\AppData\Local\Programs\MiKTeX\tex/latex/graphics\graphicx.sty
Package: graphicx 2021/09/16 v1.2d Enhanced LaTeX Graphics (DPC,SPQR)
 (C:\Users\franc\AppData\Local\Programs\MiKTeX\tex/latex/graphics\graphics.sty
Package: graphics 2022/03/10 v1.4e Standard LaTeX Graphics (DPC,SPQR)
 (C:\Users\franc\AppData\Local\Programs\MiKTeX\tex/latex/graphics\trig.sty
Package: trig 2021/08/11 v1.11 sin cos tan (DPC)
) (C:\Users\franc\AppData\Local\Programs\MiKTeX\tex/latex/graphics-cfg\graphics.cfg
File: graphics.cfg 2016/06/04 v1.11 sample graphics configuration
)
Package graphics Info: Driver file: pdftex.def on input line 107.
 (C:\Users\franc\AppData\Local\Programs\MiKTeX\tex/latex/graphics-def\pdftex.def
File: pdftex.def 2020/10/05 v1.2a Graphics/color driver for pdftex
))
\Gin@req@height=\dimen173
\Gin@req@width=\dimen174
) (C:\Users\franc\AppData\Local\Programs\MiKTeX\tex/latex/pgf/systemlayer\pgfsys.sty (C:\Users\franc\AppData\Local\Programs\MiKTeX\tex/generic/pgf/systemlayer\pgfsys.code.tex
Package: pgfsys 2021/05/15 v3.1.9a (3.1.9a)
 (C:\Users\franc\AppData\Local\Programs\MiKTeX\tex/generic/pgf/utilities\pgfkeys.code.tex)
\pgf@x=\dimen175
\pgf@y=\dimen176
\pgf@xa=\dimen177
\pgf@ya=\dimen178
\pgf@xb=\dimen179
\pgf@yb=\dimen180
\pgf@xc=\dimen181
\pgf@yc=\dimen182
\pgf@xd=\dimen183
\pgf@yd=\dimen184
\w@pgf@writea=\write3
\r@pgf@reada=\read2
\c@pgf@counta=\count286
\c@pgf@countb=\count287
\c@pgf@countc=\count288
\c@pgf@countd=\count289
\t@pgf@toka=\toks25
\t@pgf@tokb=\toks26
\t@pgf@tokc=\toks27
\pgf@sys@id@count=\count290
 (C:\Users\franc\AppData\Local\Programs\MiKTeX\tex/generic/pgf/systemlayer\pgf.cfg
File: pgf.cfg 2021/05/15 v3.1.9a (3.1.9a)
)
Driver file for pgf: pgfsys-pdftex.def
 (C:\Users\franc\AppData\Local\Programs\MiKTeX\tex/generic/pgf/systemlayer\pgfsys-pdftex.def
File: pgfsys-pdftex.def 2021/05/15 v3.1.9a (3.1.9a)
 (C:\Users\franc\AppData\Local\Programs\MiKTeX\tex/generic/pgf/systemlayer\pgfsys-common-pdf.def
File: pgfsys-common-pdf.def 2021/05/15 v3.1.9a (3.1.9a)
))) (C:\Users\franc\AppData\Local\Programs\MiKTeX\tex/generic/pgf/systemlayer\pgfsyssoftpath.code.tex
File: pgfsyssoftpath.code.tex 2021/05/15 v3.1.9a (3.1.9a)
\pgfsyssoftpath@smallbuffer@items=\count291
\pgfsyssoftpath@bigbuffer@items=\count292
) (C:\Users\franc\AppData\Local\Programs\MiKTeX\tex/generic/pgf/systemlayer\pgfsysprotocol.code.tex
File: pgfsysprotocol.code.tex 2021/05/15 v3.1.9a (3.1.9a)
)) (C:\Users\franc\AppData\Local\Programs\MiKTeX\tex/latex/xcolor\xcolor.sty
Package: xcolor 2022/06/12 v2.14 LaTeX color extensions (UK)
 (C:\Users\franc\AppData\Local\Programs\MiKTeX\tex/latex/graphics-cfg\color.cfg
File: color.cfg 2016/01/02 v1.6 sample color configuration
)
Package xcolor Info: Driver file: pdftex.def on input line 227.
 (C:\Users\franc\AppData\Local\Programs\MiKTeX\tex/latex-dev/graphics\mathcolor.ltx)
Package xcolor Info: Model `cmy' substituted by `cmy0' on input line 1353.
Package xcolor Info: Model `hsb' substituted by `rgb' on input line 1357.
Package xcolor Info: Model `RGB' extended on input line 1369.
Package xcolor Info: Model `HTML' substituted by `rgb' on input line 1371.
Package xcolor Info: Model `Hsb' substituted by `hsb' on input line 1372.
Package xcolor Info: Model `tHsb' substituted by `hsb' on input line 1373.
Package xcolor Info: Model `HSB' substituted by `hsb' on input line 1374.
Package xcolor Info: Model `Gray' substituted by `gray' on input line 1375.
Package xcolor Info: Model `wave' substituted by `hsb' on input line 1376.
) (C:\Users\franc\AppData\Local\Programs\MiKTeX\tex/generic/pgf/basiclayer\pgfcore.code.tex
Package: pgfcore 2021/05/15 v3.1.9a (3.1.9a)
 (C:\Users\franc\AppData\Local\Programs\MiKTeX\tex/generic/pgf/math\pgfmath.code.tex) (C:\Users\franc\AppData\Local\Programs\MiKTeX\tex/generic/pgf/math\pgfint.code.tex) (C:\Users\franc\AppData\Local\Programs\MiKTeX\tex/generic/pgf/basiclayer\pgfcorepoints.code.tex
File: pgfcorepoints.code.tex 2021/05/15 v3.1.9a (3.1.9a)
\pgf@picminx=\dimen185
\pgf@picmaxx=\dimen186
\pgf@picminy=\dimen187
\pgf@picmaxy=\dimen188
\pgf@pathminx=\dimen189
\pgf@pathmaxx=\dimen190
\pgf@pathminy=\dimen191
\pgf@pathmaxy=\dimen192
\pgf@xx=\dimen193
\pgf@xy=\dimen194
\pgf@yx=\dimen195
\pgf@yy=\dimen196
\pgf@zx=\dimen197
\pgf@zy=\dimen198
) (C:\Users\franc\AppData\Local\Programs\MiKTeX\tex/generic/pgf/basiclayer\pgfcorepathconstruct.code.tex
File: pgfcorepathconstruct.code.tex 2021/05/15 v3.1.9a (3.1.9a)
\pgf@path@lastx=\dimen199
\pgf@path@lasty=\dimen256
) (C:\Users\franc\AppData\Local\Programs\MiKTeX\tex/generic/pgf/basiclayer\pgfcorepathusage.code.tex
File: pgfcorepathusage.code.tex 2021/05/15 v3.1.9a (3.1.9a)
\pgf@shorten@end@additional=\dimen257
\pgf@shorten@start@additional=\dimen258
) (C:\Users\franc\AppData\Local\Programs\MiKTeX\tex/generic/pgf/basiclayer\pgfcorescopes.code.tex
File: pgfcorescopes.code.tex 2021/05/15 v3.1.9a (3.1.9a)
\pgfpic=\box62
\pgf@hbox=\box63
\pgf@layerbox@main=\box64
\pgf@picture@serial@count=\count293
) (C:\Users\franc\AppData\Local\Programs\MiKTeX\tex/generic/pgf/basiclayer\pgfcoregraphicstate.code.tex
File: pgfcoregraphicstate.code.tex 2021/05/15 v3.1.9a (3.1.9a)
\pgflinewidth=\dimen259
) (C:\Users\franc\AppData\Local\Programs\MiKTeX\tex/generic/pgf/basiclayer\pgfcoretransformations.code.tex
File: pgfcoretransformations.code.tex 2021/05/15 v3.1.9a (3.1.9a)
\pgf@pt@x=\dimen260
\pgf@pt@y=\dimen261
\pgf@pt@temp=\dimen262
) (C:\Users\franc\AppData\Local\Programs\MiKTeX\tex/generic/pgf/basiclayer\pgfcorequick.code.tex
File: pgfcorequick.code.tex 2021/05/15 v3.1.9a (3.1.9a)
) (C:\Users\franc\AppData\Local\Programs\MiKTeX\tex/generic/pgf/basiclayer\pgfcoreobjects.code.tex
File: pgfcoreobjects.code.tex 2021/05/15 v3.1.9a (3.1.9a)
) (C:\Users\franc\AppData\Local\Programs\MiKTeX\tex/generic/pgf/basiclayer\pgfcorepathprocessing.code.tex
File: pgfcorepathprocessing.code.tex 2021/05/15 v3.1.9a (3.1.9a)
) (C:\Users\franc\AppData\Local\Programs\MiKTeX\tex/generic/pgf/basiclayer\pgfcorearrows.code.tex
File: pgfcorearrows.code.tex 2021/05/15 v3.1.9a (3.1.9a)
\pgfarrowsep=\dimen263
) (C:\Users\franc\AppData\Local\Programs\MiKTeX\tex/generic/pgf/basiclayer\pgfcoreshade.code.tex
File: pgfcoreshade.code.tex 2021/05/15 v3.1.9a (3.1.9a)
\pgf@max=\dimen264
\pgf@sys@shading@range@num=\count294
\pgf@shadingcount=\count295
) (C:\Users\franc\AppData\Local\Programs\MiKTeX\tex/generic/pgf/basiclayer\pgfcoreimage.code.tex
File: pgfcoreimage.code.tex 2021/05/15 v3.1.9a (3.1.9a)
 (C:\Users\franc\AppData\Local\Programs\MiKTeX\tex/generic/pgf/basiclayer\pgfcoreexternal.code.tex
File: pgfcoreexternal.code.tex 2021/05/15 v3.1.9a (3.1.9a)
\pgfexternal@startupbox=\box65
)) (C:\Users\franc\AppData\Local\Programs\MiKTeX\tex/generic/pgf/basiclayer\pgfcorelayers.code.tex
File: pgfcorelayers.code.tex 2021/05/15 v3.1.9a (3.1.9a)
) (C:\Users\franc\AppData\Local\Programs\MiKTeX\tex/generic/pgf/basiclayer\pgfcoretransparency.code.tex
File: pgfcoretransparency.code.tex 2021/05/15 v3.1.9a (3.1.9a)
) (C:\Users\franc\AppData\Local\Programs\MiKTeX\tex/generic/pgf/basiclayer\pgfcorepatterns.code.tex
File: pgfcorepatterns.code.tex 2021/05/15 v3.1.9a (3.1.9a)
) (C:\Users\franc\AppData\Local\Programs\MiKTeX\tex/generic/pgf/basiclayer\pgfcorerdf.code.tex
File: pgfcorerdf.code.tex 2021/05/15 v3.1.9a (3.1.9a)
))) (C:\Users\franc\AppData\Local\Programs\MiKTeX\tex/latex/pgf/utilities\xxcolor.sty
Package: xxcolor 2003/10/24 ver 0.1
\XC@nummixins=\count296
\XC@countmixins=\count297
) (C:\Users\franc\AppData\Local\Programs\MiKTeX\tex/latex/base\atbegshi-ltx.sty
Package: atbegshi-ltx 2021/01/10 v1.0c Emulation of the original atbegshi
package with kernel methods
) (C:\Users\franc\AppData\Local\Programs\MiKTeX\tex/latex/hyperref\hyperref.sty
Package: hyperref 2022-06-20 v7.00s Hypertext links for LaTeX
 (C:\Users\franc\AppData\Local\Programs\MiKTeX\tex/generic/ltxcmds\ltxcmds.sty
Package: ltxcmds 2020-05-10 v1.25 LaTeX kernel commands for general use (HO)
) (C:\Users\franc\AppData\Local\Programs\MiKTeX\tex/generic/pdftexcmds\pdftexcmds.sty
Package: pdftexcmds 2020-06-27 v0.33 Utility functions of pdfTeX for LuaTeX (HO)
 (C:\Users\franc\AppData\Local\Programs\MiKTeX\tex/generic/infwarerr\infwarerr.sty
Package: infwarerr 2019/12/03 v1.5 Providing info/warning/error messages (HO)
)
Package pdftexcmds Info: \pdf@primitive is available.
Package pdftexcmds Info: \pdf@ifprimitive is available.
Package pdftexcmds Info: \pdfdraftmode found.
) (C:\Users\franc\AppData\Local\Programs\MiKTeX\tex/generic/kvsetkeys\kvsetkeys.sty
Package: kvsetkeys 2019/12/15 v1.18 Key value parser (HO)
) (C:\Users\franc\AppData\Local\Programs\MiKTeX\tex/generic/kvdefinekeys\kvdefinekeys.sty
Package: kvdefinekeys 2019-12-19 v1.6 Define keys (HO)
) (C:\Users\franc\AppData\Local\Programs\MiKTeX\tex/generic/pdfescape\pdfescape.sty
Package: pdfescape 2019/12/09 v1.15 Implements pdfTeX's escape features (HO)
) (C:\Users\franc\AppData\Local\Programs\MiKTeX\tex/latex/hycolor\hycolor.sty
Package: hycolor 2020-01-27 v1.10 Color options for hyperref/bookmark (HO)
) (C:\Users\franc\AppData\Local\Programs\MiKTeX\tex/latex/letltxmacro\letltxmacro.sty
Package: letltxmacro 2019/12/03 v1.6 Let assignment for LaTeX macros (HO)
) (C:\Users\franc\AppData\Local\Programs\MiKTeX\tex/latex/auxhook\auxhook.sty
Package: auxhook 2019-12-17 v1.6 Hooks for auxiliary files (HO)
) (C:\Users\franc\AppData\Local\Programs\MiKTeX\tex/latex/hyperref\nameref.sty
Package: nameref 2022-05-17 v2.50 Cross-referencing by name of section
 (C:\Users\franc\AppData\Local\Programs\MiKTeX\tex/latex/refcount\refcount.sty
Package: refcount 2019/12/15 v3.6 Data extraction from label references (HO)
) (C:\Users\franc\AppData\Local\Programs\MiKTeX\tex/generic/gettitlestring\gettitlestring.sty
Package: gettitlestring 2019/12/15 v1.6 Cleanup title references (HO)
 (C:\Users\franc\AppData\Local\Programs\MiKTeX\tex/latex/kvoptions\kvoptions.sty
Package: kvoptions 2022-06-15 v3.15 Key value format for package options (HO)
))
\c@section@level=\count298
)
\@linkdim=\dimen265
\Hy@linkcounter=\count299
\Hy@pagecounter=\count300
 (C:\Users\franc\AppData\Local\Programs\MiKTeX\tex/latex/hyperref\pd1enc.def
File: pd1enc.def 2022-06-20 v7.00s Hyperref: PDFDocEncoding definition (HO)
Now handling font encoding PD1 ...
... no UTF-8 mapping file for font encoding PD1
) (C:\Users\franc\AppData\Local\Programs\MiKTeX\tex/generic/intcalc\intcalc.sty
Package: intcalc 2019/12/15 v1.3 Expandable calculations with integers (HO)
) (C:\Users\franc\AppData\Local\Programs\MiKTeX\tex/generic/etexcmds\etexcmds.sty
Package: etexcmds 2019/12/15 v1.7 Avoid name clashes with e-TeX commands (HO)
)
\Hy@SavedSpaceFactor=\count301
 (C:\Users\franc\AppData\Local\Programs\MiKTeX\tex/latex/hyperref\puenc.def
File: puenc.def 2022-06-20 v7.00s Hyperref: PDF Unicode definition (HO)
Now handling font encoding PU ...
... no UTF-8 mapping file for font encoding PU
)
Package hyperref Info: Option `bookmarks' set `true' on input line 4045.
Package hyperref Info: Option `bookmarksopen' set `true' on input line 4045.
Package hyperref Info: Option `implicit' set `false' on input line 4045.
Package hyperref Info: Hyper figures OFF on input line 4162.
Package hyperref Info: Link nesting OFF on input line 4167.
Package hyperref Info: Hyper index ON on input line 4170.
Package hyperref Info: Plain pages OFF on input line 4177.
Package hyperref Info: Backreferencing OFF on input line 4182.
Package hyperref Info: Implicit mode OFF; no redefinition of LaTeX internals.
Package hyperref Info: Bookmarks ON on input line 4408.
\c@Hy@tempcnt=\count302
 (C:\Users\franc\AppData\Local\Programs\MiKTeX\tex/latex/url\url.sty
\Urlmuskip=\muskip16
Package: url 2013/09/16  ver 3.4  Verb mode for urls, etc.
)
LaTeX Info: Redefining \url on input line 4746.
\XeTeXLinkMargin=\dimen266
 (C:\Users\franc\AppData\Local\Programs\MiKTeX\tex/generic/bitset\bitset.sty
Package: bitset 2019/12/09 v1.3 Handle bit-vector datatype (HO)
 (C:\Users\franc\AppData\Local\Programs\MiKTeX\tex/generic/bigintcalc\bigintcalc.sty
Package: bigintcalc 2019/12/15 v1.5 Expandable calculations on big integers (HO)
))
\Fld@menulength=\count303
\Field@Width=\dimen267
\Fld@charsize=\dimen268
Package hyperref Info: Hyper figures OFF on input line 6024.
Package hyperref Info: Link nesting OFF on input line 6029.
Package hyperref Info: Hyper index ON on input line 6032.
Package hyperref Info: backreferencing OFF on input line 6039.
Package hyperref Info: Link coloring OFF on input line 6044.
Package hyperref Info: Link coloring with OCG OFF on input line 6049.
Package hyperref Info: PDF/A mode OFF on input line 6054.
\Hy@abspage=\count304


Package hyperref Message: Stopped early.

)
Package hyperref Info: Driver (autodetected): hpdftex.
 (C:\Users\franc\AppData\Local\Programs\MiKTeX\tex/latex/hyperref\hpdftex.def
File: hpdftex.def 2022-06-20 v7.00s Hyperref driver for pdfTeX
 (C:\Users\franc\AppData\Local\Programs\MiKTeX\tex/latex/base\atveryend-ltx.sty
Package: atveryend-ltx 2020/08/19 v1.0a Emulation of the original atveryend package
with kernel methods
)
\Fld@listcount=\count305
\c@bookmark@seq@number=\count306
 (C:\Users\franc\AppData\Local\Programs\MiKTeX\tex/latex/rerunfilecheck\rerunfilecheck.sty
Package: rerunfilecheck 2022-07-10 v1.10 Rerun checks for auxiliary files (HO)
 (C:\Users\franc\AppData\Local\Programs\MiKTeX\tex/generic/uniquecounter\uniquecounter.sty
Package: uniquecounter 2019/12/15 v1.4 Provide unlimited unique counter (HO)
)
Package uniquecounter Info: New unique counter `rerunfilecheck' on input line 285.
)) (C:\Users\franc\AppData\Local\Programs\MiKTeX\tex/latex/beamer\beamerbaserequires.sty (C:\Users\franc\AppData\Local\Programs\MiKTeX\tex/latex/beamer\beamerbasecompatibility.sty) (C:\Users\franc\AppData\Local\Programs\MiKTeX\tex/latex/beamer\beamerbasefont.sty (C:\Users\franc\AppData\Local\Programs\MiKTeX\tex/latex/amsfonts\amssymb.sty
Package: amssymb 2013/01/14 v3.01 AMS font symbols
 (C:\Users\franc\AppData\Local\Programs\MiKTeX\tex/latex/amsfonts\amsfonts.sty
Package: amsfonts 2013/01/14 v3.01 Basic AMSFonts support
\@emptytoks=\toks28
\symAMSa=\mathgroup4
\symAMSb=\mathgroup5
LaTeX Font Info:    Redeclaring math symbol \hbar on input line 98.
LaTeX Font Info:    Overwriting math alphabet `\mathfrak' in version `bold'
(Font)                  U/euf/m/n --> U/euf/b/n on input line 106.
)) (C:\Users\franc\AppData\Local\Programs\MiKTeX\tex/latex/sansmathaccent\sansmathaccent.sty
Package: sansmathaccent 2020/01/31
 (C:\Users\franc\AppData\Local\Programs\MiKTeX\tex/latex/koma-script\scrlfile.sty
Package: scrlfile 2023/04/24 v3.40 KOMA-Script package (file load hooks)
 (C:\Users\franc\AppData\Local\Programs\MiKTeX\tex/latex/koma-script\scrlfile-hook.sty
Package: scrlfile-hook 2023/04/24 v3.40 KOMA-Script package (using LaTeX hooks)
 (C:\Users\franc\AppData\Local\Programs\MiKTeX\tex/latex/koma-script\scrlogo.sty
Package: scrlogo 2023/04/24 v3.40 KOMA-Script package (logo)
))))) (C:\Users\franc\AppData\Local\Programs\MiKTeX\tex/latex/beamer\beamerbasetranslator.sty (C:\Users\franc\AppData\Local\Programs\MiKTeX\tex/latex/translator\translator.sty
Package: translator 2021-05-31 v1.12d Easy translation of strings in LaTeX
)) (C:\Users\franc\AppData\Local\Programs\MiKTeX\tex/latex/beamer\beamerbasemisc.sty) (C:\Users\franc\AppData\Local\Programs\MiKTeX\tex/latex/beamer\beamerbasetwoscreens.sty) (C:\Users\franc\AppData\Local\Programs\MiKTeX\tex/latex/beamer\beamerbaseoverlay.sty
\beamer@argscount=\count307
\beamer@lastskipcover=\skip50
\beamer@trivlistdepth=\count308
) (C:\Users\franc\AppData\Local\Programs\MiKTeX\tex/latex/beamer\beamerbasetitle.sty) (C:\Users\franc\AppData\Local\Programs\MiKTeX\tex/latex/beamer\beamerbasesection.sty
\c@lecture=\count309
\c@part=\count310
\c@section=\count311
\c@subsection=\count312
\c@subsubsection=\count313
) (C:\Users\franc\AppData\Local\Programs\MiKTeX\tex/latex/beamer\beamerbaseframe.sty
\beamer@framebox=\box66
\beamer@frametitlebox=\box67
\beamer@zoombox=\box68
\beamer@zoomcount=\count314
\beamer@zoomframecount=\count315
\beamer@frametextheight=\dimen269
\c@subsectionslide=\count316
\beamer@frametopskip=\skip51
\beamer@framebottomskip=\skip52
\beamer@frametopskipautobreak=\skip53
\beamer@framebottomskipautobreak=\skip54
\beamer@envbody=\toks29
\framewidth=\dimen270
\c@framenumber=\count317
) (C:\Users\franc\AppData\Local\Programs\MiKTeX\tex/latex/beamer\beamerbaseverbatim.sty
\beamer@verbatimfileout=\write4
) (C:\Users\franc\AppData\Local\Programs\MiKTeX\tex/latex/beamer\beamerbaseframesize.sty
\beamer@splitbox=\box69
\beamer@autobreakcount=\count318
\beamer@autobreaklastheight=\dimen271
\beamer@frametitletoks=\toks30
\beamer@framesubtitletoks=\toks31
) (C:\Users\franc\AppData\Local\Programs\MiKTeX\tex/latex/beamer\beamerbaseframecomponents.sty
\beamer@footins=\box70
) (C:\Users\franc\AppData\Local\Programs\MiKTeX\tex/latex/beamer\beamerbasecolor.sty) (C:\Users\franc\AppData\Local\Programs\MiKTeX\tex/latex/beamer\beamerbasenotes.sty
\beamer@frameboxcopy=\box71
) (C:\Users\franc\AppData\Local\Programs\MiKTeX\tex/latex/beamer\beamerbasetoc.sty) (C:\Users\franc\AppData\Local\Programs\MiKTeX\tex/latex/beamer\beamerbasetemplates.sty
\beamer@sbttoks=\toks32
 (C:\Users\franc\AppData\Local\Programs\MiKTeX\tex/latex/beamer\beamerbaseauxtemplates.sty (C:\Users\franc\AppData\Local\Programs\MiKTeX\tex/latex/beamer\beamerbaseboxes.sty
\bmb@box=\box72
\bmb@colorbox=\box73
\bmb@boxwidth=\dimen272
\bmb@boxheight=\dimen273
\bmb@prevheight=\dimen274
\bmb@temp=\dimen275
\bmb@dima=\dimen276
\bmb@dimb=\dimen277
\bmb@prevheight=\dimen278
)
\beamer@blockheadheight=\dimen279
)) (C:\Users\franc\AppData\Local\Programs\MiKTeX\tex/latex/beamer\beamerbaselocalstructure.sty (C:\Users\franc\AppData\Local\Programs\MiKTeX\tex/latex/tools\enumerate.sty
Package: enumerate 2015/07/23 v3.00 enumerate extensions (DPC)
\@enLab=\toks33
)
\beamer@bibiconwidth=\skip55
\c@figure=\count319
\c@table=\count320
\abovecaptionskip=\skip56
\belowcaptionskip=\skip57
) (C:\Users\franc\AppData\Local\Programs\MiKTeX\tex/latex/beamer\beamerbasenavigation.sty (C:\Users\franc\AppData\Local\Programs\MiKTeX\tex/latex/beamer\beamerbasenavigationsymbols.tex)
\beamer@section@min@dim=\dimen280
) (C:\Users\franc\AppData\Local\Programs\MiKTeX\tex/latex/beamer\beamerbasetheorems.sty (C:\Users\franc\AppData\Local\Programs\MiKTeX\tex/latex/amsmath\amsmath.sty
Package: amsmath 2022/04/08 v2.17n AMS math features
\@mathmargin=\skip58

For additional information on amsmath, use the `?' option.
(C:\Users\franc\AppData\Local\Programs\MiKTeX\tex/latex/amsmath\amstext.sty
Package: amstext 2021/08/26 v2.01 AMS text
 (C:\Users\franc\AppData\Local\Programs\MiKTeX\tex/latex/amsmath\amsgen.sty
File: amsgen.sty 1999/11/30 v2.0 generic functions
\@emptytoks=\toks34
\ex@=\dimen281
)) (C:\Users\franc\AppData\Local\Programs\MiKTeX\tex/latex/amsmath\amsbsy.sty
Package: amsbsy 1999/11/29 v1.2d Bold Symbols
\pmbraise@=\dimen282
) (C:\Users\franc\AppData\Local\Programs\MiKTeX\tex/latex/amsmath\amsopn.sty
Package: amsopn 2022/04/08 v2.04 operator names
)
\inf@bad=\count321
LaTeX Info: Redefining \frac on input line 234.
\uproot@=\count322
\leftroot@=\count323
LaTeX Info: Redefining \overline on input line 399.
LaTeX Info: Redefining \colon on input line 410.
\classnum@=\count324
\DOTSCASE@=\count325
LaTeX Info: Redefining \ldots on input line 496.
LaTeX Info: Redefining \dots on input line 499.
LaTeX Info: Redefining \cdots on input line 620.
\Mathstrutbox@=\box74
\strutbox@=\box75
LaTeX Info: Redefining \big on input line 722.
LaTeX Info: Redefining \Big on input line 723.
LaTeX Info: Redefining \bigg on input line 724.
LaTeX Info: Redefining \Bigg on input line 725.
\big@size=\dimen283
LaTeX Font Info:    Redeclaring font encoding OML on input line 743.
LaTeX Font Info:    Redeclaring font encoding OMS on input line 744.
\macc@depth=\count326
LaTeX Info: Redefining \bmod on input line 905.
LaTeX Info: Redefining \pmod on input line 910.
LaTeX Info: Redefining \smash on input line 940.
LaTeX Info: Redefining \relbar on input line 970.
LaTeX Info: Redefining \Relbar on input line 971.
\c@MaxMatrixCols=\count327
\dotsspace@=\muskip17
\c@parentequation=\count328
\dspbrk@lvl=\count329
\tag@help=\toks35
\row@=\count330
\column@=\count331
\maxfields@=\count332
\andhelp@=\toks36
\eqnshift@=\dimen284
\alignsep@=\dimen285
\tagshift@=\dimen286
\tagwidth@=\dimen287
\totwidth@=\dimen288
\lineht@=\dimen289
\@envbody=\toks37
\multlinegap=\skip59
\multlinetaggap=\skip60
\mathdisplay@stack=\toks38
LaTeX Info: Redefining \[ on input line 2953.
LaTeX Info: Redefining \] on input line 2954.
) (C:\Users\franc\AppData\Local\Programs\MiKTeX\tex/latex/amscls\amsthm.sty
Package: amsthm 2020/05/29 v2.20.6
\thm@style=\toks39
\thm@bodyfont=\toks40
\thm@headfont=\toks41
\thm@notefont=\toks42
\thm@headpunct=\toks43
\thm@preskip=\skip61
\thm@postskip=\skip62
\thm@headsep=\skip63
\dth@everypar=\toks44
)
\c@theorem=\count333
) (C:\Users\franc\AppData\Local\Programs\MiKTeX\tex/latex/beamer\beamerbasethemes.sty)) (C:\Users\franc\AppData\Local\Programs\MiKTeX\tex/latex/beamer\beamerthemedefault.sty (C:\Users\franc\AppData\Local\Programs\MiKTeX\tex/latex/beamer\beamerfontthemedefault.sty) (C:\Users\franc\AppData\Local\Programs\MiKTeX\tex/latex/beamer\beamercolorthemedefault.sty) (C:\Users\franc\AppData\Local\Programs\MiKTeX\tex/latex/beamer\beamerinnerthemedefault.sty
\beamer@dima=\dimen290
\beamer@dimb=\dimen291
) (C:\Users\franc\AppData\Local\Programs\MiKTeX\tex/latex/beamer\beamerouterthemedefault.sty))) (C:\Users\franc\AppData\Local\Programs\MiKTeX\tex/latex/beamer\beamerthemeMadrid.sty (C:\Users\franc\AppData\Local\Programs\MiKTeX\tex/latex/beamer\beamercolorthemewhale.sty) (C:\Users\franc\AppData\Local\Programs\MiKTeX\tex/latex/beamer\beamercolorthemeorchid.sty) (C:\Users\franc\AppData\Local\Programs\MiKTeX\tex/latex/beamer\beamerinnerthemerounded.sty) (C:\Users\franc\AppData\Local\Programs\MiKTeX\tex/latex/beamer\beamerouterthemeinfolines.sty)) (C:\Users\franc\AppData\Local\Programs\MiKTeX\tex/latex/base\fontenc.sty
Package: fontenc 2021/04/29 v2.0v Standard LaTeX package
) (C:\Users\franc\AppData\Local\Programs\MiKTeX\tex/generic/babel\babel.sty
Package: babel 2022/08/29 3.79 The Babel package
\babel@savecnt=\count334
\U@D=\dimen292
\l@unhyphenated=\language79
 (C:\Users\franc\AppData\Local\Programs\MiKTeX\tex/generic/babel\txtbabel.def)
\bbl@readstream=\read3
LaTeX Info: Redefining \textlatin on input line 4079.
\bbl@dirlevel=\count335

*************************************
* Local config file bblopts.cfg used
*
(C:\Users\franc\AppData\Local\Programs\MiKTeX\tex/latex/arabi\bblopts.cfg
File: bblopts.cfg 2005/09/08 v0.1 add Arabic and Farsi to "declared" options of babel
) (C:\Users\franc\AppData\Local\Programs\MiKTeX\tex/generic/babel-french\french.ldf
Language: french 2022/04/18 v3.5n French support from the babel system
Package babel Info: Hyphen rules for 'acadian' set to \l@french
(babel)             (\language22). Reported on input line 91.
Package babel Info: Hyphen rules for 'canadien' set to \l@french
(babel)             (\language22). Reported on input line 92.
\FB@nonchar=\count336
Package babel Info: Making : an active character on input line 430.
Package babel Info: Making ; an active character on input line 431.
Package babel Info: Making ! an active character on input line 432.
Package babel Info: Making ? an active character on input line 433.
\FBguill@level=\count337
\FBold@everypar=\toks45
\FB@Mht=\dimen293
\mc@charclass=\count338
\mc@charfam=\count339
\mc@charslot=\count340
\std@mcc=\count341
\dec@mcc=\count342
\listindentFB=\dimen294
\descindentFB=\dimen295
\labelindentFB=\dimen296
\labelwidthFB=\dimen297
\leftmarginFB=\dimen298
\parindentFFN=\dimen299
\FBfnindent=\dimen300
)) (C:\Users\franc\AppData\Local\Programs\MiKTeX\tex/generic/babel/locale/fr\babel-french.tex
Package babel Info: Importing font and identification data for french
(babel)             from babel-fr.ini. Reported on input line 11.
) (C:\Users\franc\AppData\Local\Programs\MiKTeX\tex/latex/carlisle\scalefnt.sty)
Package french.ldf Info: No list customisation for the beamer class,
(french.ldf)             reported on input line 6.
 (C:\Users\franc\AppData\Local\Programs\MiKTeX\tex/latex/jknappen\mathrsfs.sty
Package: mathrsfs 1996/01/01 Math RSFS package v1.0 (jk)
\symrsfs=\mathgroup6
) (C:\Users\franc\AppData\Local\Programs\MiKTeX\tex/latex/subfigure\subfigure.sty
Package: subfigure 2002/07/30 v2.1.4 subfigure package
\subfigtopskip=\skip64
\subfigcapskip=\skip65
\subfigcaptopadj=\dimen301
\subfigbottomskip=\skip66
\subfigcapmargin=\dimen302
\subfiglabelskip=\skip67
\c@subfigure=\count343
\c@lofdepth=\count344
\c@subtable=\count345
\c@lotdepth=\count346

****************************************
* Local config file subfigure.cfg used *
****************************************
(C:\Users\franc\AppData\Local\Programs\MiKTeX\tex/latex/subfigure\subfigure.cfg)
\subfig@top=\skip68
\subfig@bottom=\skip69
) (C:\Users\franc\AppData\Local\Programs\MiKTeX\tex/latex/mathtools\empheq.sty
Package: empheq 2017/03/31 v2.15 Emphasizing equations
 (C:\Users\franc\AppData\Local\Programs\MiKTeX\tex/latex/mathtools\mhsetup.sty
Package: mhsetup 2021/03/18 v1.4 programming setup (MH)
) (C:\Users\franc\AppData\Local\Programs\MiKTeX\tex/latex/mathtools\mathtools.sty
Package: mathtools 2022/06/29 v1.29 mathematical typesetting tools
 (C:\Users\franc\AppData\Local\Programs\MiKTeX\tex/latex/tools\calc.sty
Package: calc 2017/05/25 v4.3 Infix arithmetic (KKT,FJ)
\calc@Acount=\count347
\calc@Bcount=\count348
\calc@Adimen=\dimen303
\calc@Bdimen=\dimen304
\calc@Askip=\skip70
\calc@Bskip=\skip71
LaTeX Info: Redefining \setlength on input line 80.
LaTeX Info: Redefining \addtolength on input line 81.
\calc@Ccount=\count349
\calc@Cskip=\skip72
)
\g_MT_multlinerow_int=\count350
\l_MT_multwidth_dim=\dimen305
\origjot=\skip73
\l_MT_shortvdotswithinadjustabove_dim=\dimen306
\l_MT_shortvdotswithinadjustbelow_dim=\dimen307
\l_MT_above_intertext_sep=\dimen308
\l_MT_below_intertext_sep=\dimen309
\l_MT_above_shortintertext_sep=\dimen310
\l_MT_below_shortintertext_sep=\dimen311
\xmathstrut@box=\box76
\xmathstrut@dim=\dimen312
)
\l_EQ_equationtype_int=\count351
\l_EQ_alignmentmode_int=\count352
\l_EQ_totalwidth_dim=\dimen313
\l_EQ_displaywidth_dim=\dimen314
\l_EQ_temp_linewidth_dim=\dimen315
\l_EQ_linewidth_dim=\dimen316
\EmphEqdelimitershortfall=\dimen317
\EmphEqdelimiterfactor=\count353
\g_EQ_toptag_height_dim=\dimen318
\g_EQ_bottomtag_depth_dim=\dimen319
\g_EQ_toprow_height_dim=\dimen320
\g_EQ_bottomrow_depth_dim=\dimen321
\g_EQ_widesttag_dim=\dimen322
\EQ_mathdisplay_box=\box77
\EQ_tag_box=\box78
\g_EQ_temprow_int=\count354
) (C:\Users\franc\AppData\Local\Programs\MiKTeX\tex/latex/l3backend\l3backend-pdftex.def
File: l3backend-pdftex.def 2022-08-30 L3 backend support: PDF output (pdfTeX)
\l__color_backend_stack_int=\count355
\l__pdf_internal_box=\box79
) (beamer_presentation_v3.aux)
\openout1 = `beamer_presentation_v3.aux'.

LaTeX Font Info:    Checking defaults for OML/cmm/m/it on input line 39.
LaTeX Font Info:    ... okay on input line 39.
LaTeX Font Info:    Checking defaults for OMS/cmsy/m/n on input line 39.
LaTeX Font Info:    ... okay on input line 39.
LaTeX Font Info:    Checking defaults for OT1/cmr/m/n on input line 39.
LaTeX Font Info:    ... okay on input line 39.
LaTeX Font Info:    Checking defaults for T1/cmr/m/n on input line 39.
LaTeX Font Info:    ... okay on input line 39.
LaTeX Font Info:    Checking defaults for TS1/cmr/m/n on input line 39.
LaTeX Font Info:    ... okay on input line 39.
LaTeX Font Info:    Checking defaults for OMX/cmex/m/n on input line 39.
LaTeX Font Info:    ... okay on input line 39.
LaTeX Font Info:    Checking defaults for U/cmr/m/n on input line 39.
LaTeX Font Info:    ... okay on input line 39.
LaTeX Font Info:    Checking defaults for PD1/pdf/m/n on input line 39.
LaTeX Font Info:    ... okay on input line 39.
LaTeX Font Info:    Checking defaults for PU/pdf/m/n on input line 39.
LaTeX Font Info:    ... okay on input line 39.

*geometry* driver: auto-detecting
*geometry* detected driver: pdftex
*geometry* verbose mode - [ preamble ] result:
* driver: pdftex
* paper: custom
* layout: <same size as paper>
* layoutoffset:(h,v)=(0.0pt,0.0pt)
* modes: includehead includefoot 
* h-part:(L,W,R)=(10.95003pt, 342.2953pt, 10.95003pt)
* v-part:(T,H,B)=(0.0pt, 273.14662pt, 0.0pt)
* \paperwidth=364.19536pt
* \paperheight=273.14662pt
* \textwidth=342.2953pt
* \textheight=244.6939pt
* \oddsidemargin=-61.31996pt
* \evensidemargin=-61.31996pt
* \topmargin=-72.26999pt
* \headheight=14.22636pt
* \headsep=0.0pt
* \topskip=11.0pt
* \footskip=14.22636pt
* \marginparwidth=4.0pt
* \marginparsep=10.0pt
* \columnsep=10.0pt
* \skip\footins=10.0pt plus 4.0pt minus 2.0pt
* \hoffset=0.0pt
* \voffset=0.0pt
* \mag=1000
* \@twocolumnfalse
* \@twosidefalse
* \@mparswitchfalse
* \@reversemarginfalse
* (1in=72.27pt=25.4mm, 1cm=28.453pt)

(C:\Users\franc\AppData\Local\Programs\MiKTeX\tex/context/base/mkii\supp-pdf.mkii
[Loading MPS to PDF converter (version 2006.09.02).]
\scratchcounter=\count356
\scratchdimen=\dimen323
\scratchbox=\box80
\nofMPsegments=\count357
\nofMParguments=\count358
\everyMPshowfont=\toks46
\MPscratchCnt=\count359
\MPscratchDim=\dimen324
\MPnumerator=\count360
\makeMPintoPDFobject=\count361
\everyMPtoPDFconversion=\toks47
) (C:\Users\franc\AppData\Local\Programs\MiKTeX\tex/latex/epstopdf-pkg\epstopdf-base.sty
Package: epstopdf-base 2020-01-24 v2.11 Base part for package epstopdf
Package epstopdf-base Info: Redefining graphics rule for `.eps' on input line 485.
 (C:\Users\franc\AppData\Local\Programs\MiKTeX\tex/latex/00miktex\epstopdf-sys.cfg
File: epstopdf-sys.cfg 2021/03/18 v2.0 Configuration of epstopdf for MiKTeX
))
Package hyperref Info: Link coloring OFF on input line 39.
 (beamer_presentation_v3.out) (beamer_presentation_v3.out)
\@outlinefile=\write5
\openout5 = `beamer_presentation_v3.out'.

LaTeX Font Info:    Overwriting symbol font `operators' in version `normal'
(Font)                  OT1/cmr/m/n --> OT1/cmss/m/n on input line 39.
LaTeX Font Info:    Overwriting symbol font `operators' in version `bold'
(Font)                  OT1/cmr/bx/n --> OT1/cmss/b/n on input line 39.
\symnumbers=\mathgroup7
\sympureletters=\mathgroup8
LaTeX Font Info:    Overwriting math alphabet `\mathrm' in version `normal'
(Font)                  OT1/cmss/m/n --> T1/cmr/m/n on input line 39.
LaTeX Font Info:    Redeclaring math alphabet \mathbf on input line 39.
LaTeX Font Info:    Overwriting math alphabet `\mathbf' in version `normal'
(Font)                  OT1/cmr/bx/n --> T1/cmss/b/n on input line 39.
LaTeX Font Info:    Overwriting math alphabet `\mathbf' in version `bold'
(Font)                  OT1/cmr/bx/n --> T1/cmss/b/n on input line 39.
LaTeX Font Info:    Redeclaring math alphabet \mathsf on input line 39.
LaTeX Font Info:    Overwriting math alphabet `\mathsf' in version `normal'
(Font)                  OT1/cmss/m/n --> T1/cmss/m/n on input line 39.
LaTeX Font Info:    Overwriting math alphabet `\mathsf' in version `bold'
(Font)                  OT1/cmss/bx/n --> T1/cmss/m/n on input line 39.
LaTeX Font Info:    Redeclaring math alphabet \mathit on input line 39.
LaTeX Font Info:    Overwriting math alphabet `\mathit' in version `normal'
(Font)                  OT1/cmr/m/it --> T1/cmss/m/it on input line 39.
LaTeX Font Info:    Overwriting math alphabet `\mathit' in version `bold'
(Font)                  OT1/cmr/bx/it --> T1/cmss/m/it on input line 39.
LaTeX Font Info:    Redeclaring math alphabet \mathtt on input line 39.
LaTeX Font Info:    Overwriting math alphabet `\mathtt' in version `normal'
(Font)                  OT1/cmtt/m/n --> T1/cmtt/m/n on input line 39.
LaTeX Font Info:    Overwriting math alphabet `\mathtt' in version `bold'
(Font)                  OT1/cmtt/m/n --> T1/cmtt/m/n on input line 39.
LaTeX Font Info:    Overwriting symbol font `numbers' in version `bold'
(Font)                  T1/cmss/m/n --> T1/cmss/b/n on input line 39.
LaTeX Font Info:    Overwriting symbol font `pureletters' in version `bold'
(Font)                  T1/cmss/m/it --> T1/cmss/b/it on input line 39.
LaTeX Font Info:    Overwriting math alphabet `\mathrm' in version `bold'
(Font)                  OT1/cmss/b/n --> T1/cmr/b/n on input line 39.
LaTeX Font Info:    Overwriting math alphabet `\mathbf' in version `bold'
(Font)                  T1/cmss/b/n --> T1/cmss/b/n on input line 39.
LaTeX Font Info:    Overwriting math alphabet `\mathsf' in version `bold'
(Font)                  T1/cmss/m/n --> T1/cmss/b/n on input line 39.
LaTeX Font Info:    Overwriting math alphabet `\mathit' in version `bold'
(Font)                  T1/cmss/m/it --> T1/cmss/b/it on input line 39.
LaTeX Font Info:    Overwriting math alphabet `\mathtt' in version `bold'
(Font)                  T1/cmtt/m/n --> T1/cmtt/b/n on input line 39.
LaTeX Font Info:    Redeclaring symbol font `pureletters' on input line 39.
LaTeX Font Info:    Encoding `T1' has changed to `OT1' for symbol font
(Font)              `pureletters' in the math version `normal' on input line 39.
LaTeX Font Info:    Overwriting symbol font `pureletters' in version `normal'
(Font)                  T1/cmss/m/it --> OT1/mathkerncmss/m/sl on input line 39.
LaTeX Font Info:    Encoding `T1' has changed to `OT1' for symbol font
(Font)              `pureletters' in the math version `bold' on input line 39.
LaTeX Font Info:    Overwriting symbol font `pureletters' in version `bold'
(Font)                  T1/cmss/b/it --> OT1/mathkerncmss/m/sl on input line 39.
LaTeX Font Info:    Overwriting symbol font `pureletters' in version `bold'
(Font)                  OT1/mathkerncmss/m/sl --> OT1/mathkerncmss/bx/sl on input line 39.
 (C:\Users\franc\AppData\Local\Programs\MiKTeX\tex/latex/translator\translator-basic-dictionary-English.dict
Dictionary: translator-basic-dictionary, Language: English 
) (C:\Users\franc\AppData\Local\Programs\MiKTeX\tex/latex/translator\translator-bibliography-dictionary-English.dict
Dictionary: translator-bibliography-dictionary, Language: English 
) (C:\Users\franc\AppData\Local\Programs\MiKTeX\tex/latex/translator\translator-environment-dictionary-English.dict
Dictionary: translator-environment-dictionary, Language: English 
) (C:\Users\franc\AppData\Local\Programs\MiKTeX\tex/latex/translator\translator-months-dictionary-English.dict
Dictionary: translator-months-dictionary, Language: English 
) (C:\Users\franc\AppData\Local\Programs\MiKTeX\tex/latex/translator\translator-numbers-dictionary-English.dict
Dictionary: translator-numbers-dictionary, Language: English 
) (C:\Users\franc\AppData\Local\Programs\MiKTeX\tex/latex/translator\translator-theorem-dictionary-English.dict
Dictionary: translator-theorem-dictionary, Language: English 
)
LaTeX Info: Redefining \degres on input line 39.
LaTeX Info: Redefining \up on input line 39.
 (beamer_presentation_v3.nav)
LaTeX Font Info:    Trying to load font information for TS1+cmss on input line 39.
 (C:\Users\franc\AppData\Local\Programs\MiKTeX\tex/latex/base\ts1cmss.fd
File: ts1cmss.fd 2019/12/16 v2.5j Standard LaTeX font definitions
) [1{C:/Users/franc/AppData/Local/MiKTeX/fonts/map/pdftex/pdftex.map}

]
<Image/TMD pont.jpg, id=260, 1204.5pt x 903.375pt>
File: Image/TMD pont.jpg Graphic file (type jpg)
<use Image/TMD pont.jpg>
Package pdftex.def Info: Image/TMD pont.jpg  used on input line 66.
(pdftex.def)             Requested size: 154.03183pt x 115.51306pt.
<Image/Taipeï.jpg, id=261, 378.6948pt x 250.536pt>
File: Image/Taipeï.jpg Graphic file (type jpg)
<use Image/Taipeï.jpg>
Package pdftex.def Info: Image/Taipeï.jpg  used on input line 66.
(pdftex.def)             Requested size: 154.03183pt x 101.90231pt.
 [2

 <./Image/TMD pont.jpg> <./Image/Taipeï.jpg>]
LaTeX Font Info:    Trying to load font information for U+msa on input line 81.
 (C:\Users\franc\AppData\Local\Programs\MiKTeX\tex/latex/amsfonts\umsa.fd
File: umsa.fd 2013/01/14 v3.01 AMS symbols A
)
LaTeX Font Info:    Trying to load font information for U+msb on input line 81.
 (C:\Users\franc\AppData\Local\Programs\MiKTeX\tex/latex/amsfonts\umsb.fd
File: umsb.fd 2013/01/14 v3.01 AMS symbols B
)
LaTeX Font Info:    Trying to load font information for U+rsfs on input line 81.
 (C:\Users\franc\AppData\Local\Programs\MiKTeX\tex/latex/jknappen\ursfs.fd
File: ursfs.fd 1998/03/24 rsfs font definition file (jk)
)
LaTeX Font Info:    Trying to load font information for OT1+mathkerncmss on input line 81.
 (C:\Users\franc\AppData\Local\Programs\MiKTeX\tex/latex/sansmathaccent\ot1mathkerncmss.fd
File: ot1mathkerncmss.fd 2020/01/31 Fontinst v1.933 font definitions for OT1/mathkerncmss.
) [3

] [4

]
<Image/Schéma modélisation.png, id=560, 787.94376pt x 732.7375pt>
File: Image/Schéma modélisation.png Graphic file (type png)
<use Image/Schéma modélisation.png>
Package pdftex.def Info: Image/Schéma modélisation.png  used on input line 107.
(pdftex.def)             Requested size: 171.14764pt x 159.15668pt.
 [5

 <./Image/Schéma modélisation.png>]
<Image Noé/ModelisationMP.png, id=669, 513.92pt x 177.66376pt>
File: Image Noé/ModelisationMP.png Graphic file (type png)
<use Image Noé/ModelisationMP.png>
Package pdftex.def Info: Image Noé/ModelisationMP.png  used on input line 131.
(pdftex.def)             Requested size: 171.14764pt x 59.16597pt.
 [6

 <./Image Noé/ModelisationMP.png>] [7

] [8

]
<Image/Objectif en courbe.jpg, id=969, 770.88pt x 578.16pt>
File: Image/Objectif en courbe.jpg Graphic file (type jpg)
<use Image/Objectif en courbe.jpg>
Package pdftex.def Info: Image/Objectif en courbe.jpg  used on input line 182.
(pdftex.def)             Requested size: 239.60567pt x 179.70413pt.

Overfull \vbox (7.0495pt too high) detected at line 182
 []

[9

 <./Image/Objectif en courbe.jpg>]
<Image/Modèle solide face échelle main.jpg, id=1069, 2276.505pt x 4047.12pt>
File: Image/Modèle solide face échelle main.jpg Graphic file (type jpg)
<use Image/Modèle solide face échelle main.jpg>
Package pdftex.def Info: Image/Modèle solide face échelle main.jpg  used on input line 205.
(pdftex.def)             Requested size: 85.57382pt x 152.1001pt.
<Image/Photo Mateïs échelle modèle solide.jpg, id=1070, 2276.505pt x 4047.12pt>
File: Image/Photo Mateïs échelle modèle solide.jpg Graphic file (type jpg)
<use Image/Photo Mateïs échelle modèle solide.jpg>
Package pdftex.def Info: Image/Photo Mateïs échelle modèle solide.jpg  used on input line 205.
(pdftex.def)             Requested size: 85.57382pt x 152.1001pt.
<Image/Modèle solide Profil.jpg, id=1071, 2276.505pt x 4047.12pt>
File: Image/Modèle solide Profil.jpg Graphic file (type jpg)
<use Image/Modèle solide Profil.jpg>
Package pdftex.def Info: Image/Modèle solide Profil.jpg  used on input line 205.
(pdftex.def)             Requested size: 85.57382pt x 152.1001pt.
 [10

 <./Image/Modèle solide face échelle main.jpg> <./Image/Photo Mateïs échelle modèle solide.jpg> <./Image/Modèle solide Profil.jpg>]
<Image/Tour flexible sur tableau blanc.jpg, id=1170, 2276.505pt x 4047.12pt>
File: Image/Tour flexible sur tableau blanc.jpg Graphic file (type jpg)
<use Image/Tour flexible sur tableau blanc.jpg>
Package pdftex.def Info: Image/Tour flexible sur tableau blanc.jpg  used on input line 225.
(pdftex.def)             Requested size: 85.57382pt x 152.1001pt.
<Image/modèle incorrect.png, id=1171, 462.528pt x 346.896pt>
File: Image/modèle incorrect.png Graphic file (type png)
<use Image/modèle incorrect.png>
Package pdftex.def Info: Image/modèle incorrect.png  used on input line 225.
(pdftex.def)             Requested size: 256.72147pt x 192.55072pt.

Overfull \vbox (19.34067pt too high) detected at line 225
 []

[11

 <./Image/Tour flexible sur tableau blanc.jpg> <./Image/modèle incorrect.png>]
<Image/schéma global.png, id=1271, 963.6pt x 1003.75pt>
File: Image/schéma global.png Graphic file (type png)
<use Image/schéma global.png>
Package pdftex.def Info: Image/schéma global.png  used on input line 254.
(pdftex.def)             Requested size: 102.68962pt x 106.96674pt.
 [12

 <./Image/schéma global.png>]
<Image/Problème de torsion.jpg, id=1371, 4023.03pt x 5364.04pt>
File: Image/Problème de torsion.jpg Graphic file (type jpg)
<use Image/Problème de torsion.jpg>
Package pdftex.def Info: Image/Problème de torsion.jpg  used on input line 272.
(pdftex.def)             Requested size: 119.80544pt x 159.68652pt.
<Image/Cause de la torsion.jpg, id=1372, 4023.03pt x 5364.04pt>
File: Image/Cause de la torsion.jpg Graphic file (type jpg)
<use Image/Cause de la torsion.jpg>
Package pdftex.def Info: Image/Cause de la torsion.jpg  used on input line 272.
(pdftex.def)             Requested size: 119.80544pt x 159.68652pt.
 [13

 <./Image/Problème de torsion.jpg> <./Image/Cause de la torsion.jpg>]
<Image/Pendule réglable 2.jpg, id=1472, 2276.505pt x 4047.12pt>
File: Image/Pendule réglable 2.jpg Graphic file (type jpg)
<use Image/Pendule réglable 2.jpg>
Package pdftex.def Info: Image/Pendule réglable 2.jpg  used on input line 293.
(pdftex.def)             Requested size: 119.80544pt x 212.92778pt.

Overfull \vbox (48.17375pt too high) detected at line 293
 []

[14

 <./Image/Pendule réglable 2.jpg>]
<Image/Axe de l'ancien TIPE.jpg, id=1571, 5364.04pt x 4023.03pt>
File: Image/Axe de l'ancien TIPE.jpg Graphic file (type jpg)
<use Image/Axe de l'ancien TIPE.jpg>
Package pdftex.def Info: Image/Axe de l'ancien TIPE.jpg  used on input line 322.
(pdftex.def)             Requested size: 171.14764pt x 128.359pt.
 [15

 <./Image/Axe de l'ancien TIPE.jpg>]
<Image/Imprimante.png, id=1670, 1284.8pt x 722.7pt>
File: Image/Imprimante.png Graphic file (type png)
<use Image/Imprimante.png>
Package pdftex.def Info: Image/Imprimante.png  used on input line 332.
(pdftex.def)             Requested size: 273.83728pt x 154.0321pt.
 [16

 <./Image/Imprimante.png (PNG copy)>]
<Image/oscillation début.png, id=1769, 1284.8pt x 722.7pt>
File: Image/oscillation début.png Graphic file (type png)
<use Image/oscillation début.png>
Package pdftex.def Info: Image/oscillation début.png  used on input line 351.
(pdftex.def)             Requested size: 171.14764pt x 96.27007pt.
<Image/oscillation fin.png, id=1770, 1284.8pt x 722.7pt>
File: Image/oscillation fin.png Graphic file (type png)
<use Image/oscillation fin.png>
Package pdftex.def Info: Image/oscillation fin.png  used on input line 351.
(pdftex.def)             Requested size: 171.14764pt x 96.27007pt.
 [17

 <./Image/oscillation début.png (PNG copy)> <./Image/oscillation fin.png (PNG copy)>]
<Image/Solution au décalage.png, id=1869, 1284.8pt x 722.7pt>
File: Image/Solution au décalage.png Graphic file (type png)
<use Image/Solution au décalage.png>
Package pdftex.def Info: Image/Solution au décalage.png  used on input line 376.
(pdftex.def)             Requested size: 102.68962pt x 57.76204pt.
<Image/Mesure ruban imprimante.jpg, id=1870, 1927.2pt x 1084.05pt>
File: Image/Mesure ruban imprimante.jpg Graphic file (type jpg)
<use Image/Mesure ruban imprimante.jpg>
Package pdftex.def Info: Image/Mesure ruban imprimante.jpg  used on input line 376.
(pdftex.def)             Requested size: 102.68962pt x 57.76204pt.
<Image/Soudure Carte imprimante récupérée.jpg, id=1871, 4023.03pt x 5364.04pt>
File: Image/Soudure Carte imprimante récupérée.jpg Graphic file (type jpg)
<use Image/Soudure Carte imprimante récupérée.jpg>
Package pdftex.def Info: Image/Soudure Carte imprimante récupérée.jpg  used on input line 376.
(pdftex.def)             Requested size: 102.68962pt x 136.85078pt.
 [18

 <./Image/Solution au décalage.png (PNG copy)> <./Image/Mesure ruban imprimante.jpg> <./Image/Soudure Carte imprimante récupérée.jpg>] [19

]
<Image/Schéma oscillateur position droite.drawio.png, id=2069, 833.1125pt x 612.2875pt>
File: Image/Schéma oscillateur position droite.drawio.png Graphic file (type png)
<use Image/Schéma oscillateur position droite.drawio.png>
Package pdftex.def Info: Image/Schéma oscillateur position droite.drawio.png  used on input line 411.
(pdftex.def)             Requested size: 171.14764pt x 125.78134pt.
<Image/montage excentrique.png, id=2070, 633.567pt x 401.0985pt>
File: Image/montage excentrique.png Graphic file (type png)
<use Image/montage excentrique.png>
Package pdftex.def Info: Image/montage excentrique.png  used on input line 411.
(pdftex.def)             Requested size: 171.14764pt x 108.347pt.
 [20

 <./Image/Schéma oscillateur position droite.drawio.png> <./Image/montage excentrique.png>]
File: Image/Schéma oscillateur position droite.drawio.png Graphic file (type png)
<use Image/Schéma oscillateur position droite.drawio.png>
Package pdftex.def Info: Image/Schéma oscillateur position droite.drawio.png  used on input line 427.
(pdftex.def)             Requested size: 171.14764pt x 125.78134pt.
<Image/Schéma oscillateur position gauche.png, id=2171, 1063.975pt x 657.45625pt>
File: Image/Schéma oscillateur position gauche.png Graphic file (type png)
<use Image/Schéma oscillateur position gauche.png>
Package pdftex.def Info: Image/Schéma oscillateur position gauche.png  used on input line 427.
(pdftex.def)             Requested size: 171.14764pt x 105.7469pt.
 [21

 <./Image/Schéma oscillateur position gauche.png>]
<Image/Excentrique.jpg, id=2271, 2276.505pt x 4047.12pt>
File: Image/Excentrique.jpg Graphic file (type jpg)
<use Image/Excentrique.jpg>
Package pdftex.def Info: Image/Excentrique.jpg  used on input line 454.
(pdftex.def)             Requested size: 102.68962pt x 182.54482pt.

Overfull \vbox (19.73476pt too high) detected at line 454
 []

[22

 <./Image/Excentrique.jpg>]
<Image/Carte principale belle photo.JPG, id=2370, 932.7648pt x 624.4128pt>
File: Image/Carte principale belle photo.JPG Graphic file (type jpg)
<use Image/Carte principale belle photo.JPG>
Package pdftex.def Info: Image/Carte principale belle photo.JPG  used on input line 480.
(pdftex.def)             Requested size: 119.80544pt x 80.19514pt.
<Image/Accéléromètre haut belle photo.JPG, id=2371, 932.7648pt x 624.4128pt>
File: Image/Accéléromètre haut belle photo.JPG Graphic file (type jpg)
<use Image/Accéléromètre haut belle photo.JPG>
Package pdftex.def Info: Image/Accéléromètre haut belle photo.JPG  used on input line 480.
(pdftex.def)             Requested size: 119.80544pt x 80.19514pt.
<Image/Carte fixe belle photo.JPG, id=2372, 932.7648pt x 624.4128pt>
File: Image/Carte fixe belle photo.JPG Graphic file (type jpg)
<use Image/Carte fixe belle photo.JPG>
Package pdftex.def Info: Image/Carte fixe belle photo.JPG  used on input line 480.
(pdftex.def)             Requested size: 119.80544pt x 80.19514pt.
 [23

 <./Image/Carte principale belle photo.JPG> <./Image/Accéléromètre haut belle photo.JPG> <./Image/Carte fixe belle photo.JPG>] [24

]
<Image Noé/Données pi avec comparaison (Noé)/Pendule 100g à 9,4 cm.png, id=2569, 933.7284pt x 289.08pt>
File: Image Noé/Données pi avec comparaison (Noé)/Pendule 100g à 9,4 cm.png Graphic file (type png)
<use Image Noé/Données pi avec comparaison (Noé)/Pendule 100g à 9,4 cm.png>
Package pdftex.def Info: Image Noé/Données pi avec comparaison (Noé)/Pendule 100g à 9,4 cm.png  used on input line 503.
(pdftex.def)             Requested size: 273.83728pt x 84.7794pt.
 [25

 <./Image Noé/Données pi avec comparaison (Noé)/Pendule 100g à 9,4 cm.png>] [26

]
File: Image/Objectif en courbe.jpg Graphic file (type jpg)
<use Image/Objectif en courbe.jpg>
Package pdftex.def Info: Image/Objectif en courbe.jpg  used on input line 519.
(pdftex.def)             Requested size: 273.83728pt x 205.37614pt.
 [27

]
<Image Noé/Données pi avec comparaison (Noé)/Pendule 100g à 5 cm.png, id=2866, 933.7284pt x 289.08pt>
File: Image Noé/Données pi avec comparaison (Noé)/Pendule 100g à 5 cm.png Graphic file (type png)
<use Image Noé/Données pi avec comparaison (Noé)/Pendule 100g à 5 cm.png>
Package pdftex.def Info: Image Noé/Données pi avec comparaison (Noé)/Pendule 100g à 5 cm.png  used on input line 538.
(pdftex.def)             Requested size: 239.60567pt x 74.17978pt.
<Image Noé/Données pi avec comparaison (Noé)/Pendule 73.3g à 9,4 cm.png, id=2867, 933.7284pt x 289.08pt>
File: Image Noé/Données pi avec comparaison (Noé)/Pendule 73.3g à 9,4 cm.png Graphic file (type png)
<use Image Noé/Données pi avec comparaison (Noé)/Pendule 73.3g à 9,4 cm.png>
Package pdftex.def Info: Image Noé/Données pi avec comparaison (Noé)/Pendule 73.3g à 9,4 cm.png  used on input line 538.
(pdftex.def)             Requested size: 239.60567pt x 74.17978pt.

Overfull \vbox (11.69348pt too high) detected at line 538
 []

[28

 <./Image Noé/Données pi avec comparaison (Noé)/Pendule 100g à 5 cm.png> <./Image Noé/Données pi avec comparaison (Noé)/Pendule 73.3g à 9,4 cm.png>]
<Image/Montage dirac.jpg, id=2968, 4047.12pt x 2276.505pt>
File: Image/Montage dirac.jpg Graphic file (type jpg)
<use Image/Montage dirac.jpg>
Package pdftex.def Info: Image/Montage dirac.jpg  used on input line 562.
(pdftex.def)             Requested size: 171.14764pt x 96.25519pt.
 [29

 <./Image/Montage dirac.jpg>]
<Image/Dirac.png, id=3067, 1110.0672pt x 544.9158pt>
File: Image/Dirac.png Graphic file (type png)
<use Image/Dirac.png>
Package pdftex.def Info: Image/Dirac.png  used on input line 582.
(pdftex.def)             Requested size: 342.2953pt x 168.02415pt.

Overfull \vbox (38.3226pt too high) detected at line 582
 []

[30

 <./Image/Dirac.png>] [31

]
File: Image/Taipeï.jpg Graphic file (type jpg)
<use Image/Taipeï.jpg>
Package pdftex.def Info: Image/Taipeï.jpg  used on input line 658.
(pdftex.def)             Requested size: 151.47522pt x 100.21262pt.
 [32

]
File: Image/TMD pont.jpg Graphic file (type jpg)
<use Image/TMD pont.jpg>
Package pdftex.def Info: Image/TMD pont.jpg  used on input line 677.
(pdftex.def)             Requested size: 171.14764pt x 128.36009pt.
 [33

]
<Image/microsensor_microactuator.png, id=3333, 387.4475pt x 297.11pt>
File: Image/microsensor_microactuator.png Graphic file (type png)
<use Image/microsensor_microactuator.png>
Package pdftex.def Info: Image/microsensor_microactuator.png  used on input line 697.
(pdftex.def)             Requested size: 171.14764pt x 131.24562pt.
 [34

 <./Image/microsensor_microactuator.png>]
<Image/pico w.jpg, id=3379, 621.32124pt x 428.60126pt>
File: Image/pico w.jpg Graphic file (type jpg)
<use Image/pico w.jpg>
Package pdftex.def Info: Image/pico w.jpg  used on input line 717.
(pdftex.def)             Requested size: 171.14764pt x 118.05862pt.
 [35

 <./Image/pico w.jpg>]
<Image/base fixe.png, id=3425, 2112.09074pt x 1493.58pt>
File: Image/base fixe.png Graphic file (type png)
<use Image/base fixe.png>
Package pdftex.def Info: Image/base fixe.png  used on input line 733.
(pdftex.def)             Requested size: 171.14764pt x 121.01578pt.
<Image/Base fixe pcb.png, id=3426, 811.23074pt x 458.9145pt>
File: Image/Base fixe pcb.png Graphic file (type png)
<use Image/Base fixe pcb.png>
Package pdftex.def Info: Image/Base fixe pcb.png  used on input line 733.
(pdftex.def)             Requested size: 171.14764pt x 96.81604pt.
 [36

 <./Image/base fixe.png> <./Image/Base fixe pcb.png>]
<Image/SCH MAINboard mcu.png, id=3472, 2112.09074pt x 1493.58pt>
File: Image/SCH MAINboard mcu.png Graphic file (type png)
<use Image/SCH MAINboard mcu.png>
Package pdftex.def Info: Image/SCH MAINboard mcu.png  used on input line 749.
(pdftex.def)             Requested size: 171.14764pt x 121.01578pt.
<Image/Sch mainboard sensor.png, id=3473, 2074.149pt x 835.923pt>
File: Image/Sch mainboard sensor.png Graphic file (type png)
<use Image/Sch mainboard sensor.png>
Package pdftex.def Info: Image/Sch mainboard sensor.png  used on input line 749.
(pdftex.def)             Requested size: 171.14764pt x 68.96704pt.
 [37

 <./Image/SCH MAINboard mcu.png> <./Image/Sch mainboard sensor.png>]
<Image/mb pcb.png, id=3519, 625.1355pt x 434.8245pt>
File: Image/mb pcb.png Graphic file (type png)
<use Image/mb pcb.png>
Package pdftex.def Info: Image/mb pcb.png  used on input line 755.
(pdftex.def)             Requested size: 273.83728pt x 190.47409pt.

Overfull \vbox (15.26404pt too high) detected at line 755
 []

[38

 <./Image/mb pcb.png>]
\tf@nav=\write6
\openout6 = `beamer_presentation_v3.nav'.

\tf@toc=\write7
\openout7 = `beamer_presentation_v3.toc'.

\tf@snm=\write8
\openout8 = `beamer_presentation_v3.snm'.

 (beamer_presentation_v3.aux)
Package rerunfilecheck Info: File `beamer_presentation_v3.out' has not changed.
(rerunfilecheck)             Checksum: A4DBF358CB920610894A361624F9C5FC;718.
 ) 
Here is how much of TeX's memory you used:
 25493 strings out of 475389
 504342 string characters out of 2777000
 825851 words of memory out of 3000000
 46204 multiletter control sequences out of 15000+600000
 483076 words of font info for 64 fonts, out of 8000000 for 9000
 1141 hyphenation exceptions out of 8191
 128i,20n,122p,469b,788s stack positions out of 10000i,1000n,20000p,200000b,80000s
 <C:\Users\franc\AppData\Local\MiKTeX\fonts/pk/ljfour/jknappen/ec/dpi600\tcss1095.pk> <C:\Users\franc\AppData\Local\MiKTeX\fonts/pk/ljfour/jknappen/ec/dpi600\ecss0900.pk> <C:\Users\franc\AppData\Local\MiKTeX\fonts/pk/ljfour/jknappen/ec/dpi600\tcss1000.pk> <C:\Users\franc\AppData\Local\MiKTeX\fonts/pk/ljfour/jknappen/ec/dpi600\ecss0800.pk> <C:\Users\franc\AppData\Local\MiKTeX\fonts/pk/ljfour/jknappen/ec/dpi600\ecss1000.pk> <C:\Users\franc\AppData\Local\MiKTeX\fonts/pk/ljfour/jknappen/ec/dpi600\ecss1440.pk> <C:\Users\franc\AppData\Local\MiKTeX\fonts/pk/ljfour/jknappen/ec/dpi600\tcss0600.pk> <C:\Users\franc\AppData\Local\MiKTeX\fonts/pk/ljfour/jknappen/ec/dpi600\ecss1095.pk> <C:\Users\franc\AppData\Local\MiKTeX\fonts/pk/ljfour/jknappen/ec/dpi600\ecsx1440.pk> <C:\Users\franc\AppData\Local\MiKTeX\fonts/pk/ljfour/jknappen/ec/dpi600\ecss0600.pk><C:/Users/franc/AppData/Local/Programs/MiKTeX/fonts/type1/public/amsfonts/cm/cmex10.pfb><C:/Users/franc/AppData/Local/Programs/MiKTeX/fonts/type1/public/amsfonts/cm/cmmi10.pfb><C:/Users/franc/AppData/Local/Programs/MiKTeX/fonts/type1/public/amsfonts/cm/cmmi8.pfb><C:/Users/franc/AppData/Local/Programs/MiKTeX/fonts/type1/public/amsfonts/cm/cmss10.pfb><C:/Users/franc/AppData/Local/Programs/MiKTeX/fonts/type1/public/amsfonts/cm/cmss8.pfb><C:/Users/franc/AppData/Local/Programs/MiKTeX/fonts/type1/public/amsfonts/cm/cmssi10.pfb><C:/Users/franc/AppData/Local/Programs/MiKTeX/fonts/type1/public/amsfonts/cm/cmssi8.pfb><C:/Users/franc/AppData/Local/Programs/MiKTeX/fonts/type1/public/amsfonts/cm/cmsy10.pfb><C:/Users/franc/AppData/Local/Programs/MiKTeX/fonts/type1/public/amsfonts/cm/cmsy8.pfb>
Output written on beamer_presentation_v3.pdf (38 pages, 34440228 bytes).
PDF statistics:
 3918 PDF objects out of 4296 (max. 8388607)
 85 named destinations out of 1000 (max. 500000)
 341 words of extra memory for PDF output out of 10000 (max. 10000000)

