The system is: Windows - 10.0.19045 - AMD64
Compiling the CXX compiler identification source file "CMakeCXXCompilerId.cpp" succeeded.
Compiler: C:/Program Files/Microsoft Visual Studio/2022/Community/VC/Tools/MSVC/14.34.31933/bin/Hostx86/x86/cl.exe 
Build flags: 
Id flags:  

The output was:
0
Compilateur d'optimisation Microsoft (R) C/C++ version 19.34.31937 pour x86
Copyright (C) Microsoft Corporation. Tous droits réservés.

CMakeCXXCompilerId.cpp
Microsoft (R) Incremental Linker Version 14.34.31937.0
Copyright (C) Microsoft Corporation.  All rights reserved.

/out:CMakeCXXCompilerId.exe 
CMakeCXXCompilerId.obj 


Compilation of the CXX compiler identification source "CMakeCXXCompilerId.cpp" produced "CMakeCXXCompilerId.exe"

Compilation of the CXX compiler identification source "CMakeCXXCompilerId.cpp" produced "CMakeCXXCompilerId.obj"

The CXX compiler identification is MSVC, found in "D:/CPGE/PSI/TIPE/Firmware_CI/fw/build/pioasm/CMakeFiles/3.25.1/CompilerIdCXX/CMakeCXXCompilerId.exe"

Detecting CXX compiler ABI info compiled with the following output:
Change Dir: D:/CPGE/PSI/TIPE/Firmware_CI/fw/build/pioasm/CMakeFiles/CMakeScratch/TryCompile-97p9a0

Run Build Command(s):nmake -f Makefile /nologo cmTC_07c83\fast && 	"C:\Program Files\Microsoft Visual Studio\2022\Community\VC\Tools\MSVC\14.34.31933\bin\HostX86\x86\nmake.exe"  -f CMakeFiles\cmTC_07c83.dir\build.make /nologo -L                  CMakeFiles\cmTC_07c83.dir\build
Building CXX object CMakeFiles/cmTC_07c83.dir/CMakeCXXCompilerABI.cpp.obj
	"C:\Program Files\CMake\bin\cmake.exe" -E cmake_cl_compile_depends --dep-file=CMakeFiles\cmTC_07c83.dir\CMakeCXXCompilerABI.cpp.obj.d --working-dir=D:\CPGE\PSI\TIPE\Firmware_CI\fw\build\pioasm\CMakeFiles\CMakeScratch\TryCompile-97p9a0 --filter-prefix="Remarqueá: inclusion du fichierá:  " -- C:\PROGRA~1\MIB055~1\2022\COMMUN~1\VC\Tools\MSVC\1434~1.319\bin\Hostx86\x86\cl.exe @C:\Users\franc\AppData\Local\Temp\nmDE18.tmp
CMakeCXXCompilerABI.cpp
Linking CXX executable cmTC_07c83.exe
	"C:\Program Files\CMake\bin\cmake.exe" -E vs_link_exe --intdir=CMakeFiles\cmTC_07c83.dir --rc=C:\PROGRA~2\WI3CF2~1\10\bin\100220~1.0\x86\rc.exe --mt=C:\PROGRA~2\WI3CF2~1\10\bin\100220~1.0\x86\mt.exe --manifests -- C:\PROGRA~1\MIB055~1\2022\COMMUN~1\VC\Tools\MSVC\1434~1.319\bin\Hostx86\x86\link.exe /nologo @CMakeFiles\cmTC_07c83.dir\objects1 @C:\Users\franc\AppData\Local\Temp\nmDE86.tmp



