This is pdfTeX, Version 3.141592653-2.6-1.40.24 (MiKTeX 22.7) (preloaded format=pdflatex 2022.9.17)  4 JUN 2023 17:10
entering extended mode
 restricted \write18 enabled.
 %&-line parsing enabled.
**"./beamer présentation v3.tex"
(beamer présentation v3.tex
LaTeX2e <2022-06-01> patch level 5
L3 programming layer <2022-08-30>
(C:\Users\noebo\Downloads\.k\tex/latex/beamer\beamer.cls
Document Class: beamer 2022/05/17 v3.67 A class for typesetting presentations
(C:\Users\noebo\Downloads\.k\tex/latex/beamer\beamerbasemodes.sty
(C:\Users\noebo\Downloads\.k\tex/latex/etoolbox\etoolbox.sty
Package: etoolbox 2020/10/05 v2.5k e-TeX tools for LaTeX (JAW)
\etb@tempcnta=\count185
)
\beamer@tempbox=\box51
\beamer@tempcount=\count186
\c@beamerpauses=\count187

(C:\Users\noebo\Downloads\.k\tex/latex/beamer\beamerbasedecode.sty
\beamer@slideinframe=\count188
\beamer@minimum=\count189
\beamer@decode@box=\box52
)
\beamer@commentbox=\box53
\beamer@modecount=\count190
)
(C:\Users\noebo\Downloads\.k\tex/generic/iftex\iftex.sty
Package: iftex 2022/02/03 v1.0f TeX engine tests
)
\headdp=\dimen138
\footheight=\dimen139
\sidebarheight=\dimen140
\beamer@tempdim=\dimen141
\beamer@finalheight=\dimen142
\beamer@animht=\dimen143
\beamer@animdp=\dimen144
\beamer@animwd=\dimen145
\beamer@leftmargin=\dimen146
\beamer@rightmargin=\dimen147
\beamer@leftsidebar=\dimen148
\beamer@rightsidebar=\dimen149
\beamer@boxsize=\dimen150
\beamer@vboxoffset=\dimen151
\beamer@descdefault=\dimen152
\beamer@descriptionwidth=\dimen153
\beamer@lastskip=\skip47
\beamer@areabox=\box54
\beamer@animcurrent=\box55
\beamer@animshowbox=\box56
\beamer@sectionbox=\box57
\beamer@logobox=\box58
\beamer@linebox=\box59
\beamer@sectioncount=\count191
\beamer@subsubsectionmax=\count192
\beamer@subsectionmax=\count193
\beamer@sectionmax=\count194
\beamer@totalheads=\count195
\beamer@headcounter=\count196
\beamer@partstartpage=\count197
\beamer@sectionstartpage=\count198
\beamer@subsectionstartpage=\count199
\beamer@animationtempa=\count266
\beamer@animationtempb=\count267
\beamer@xpos=\count268
\beamer@ypos=\count269
\beamer@ypos@offset=\count270
\beamer@showpartnumber=\count271
\beamer@currentsubsection=\count272
\beamer@coveringdepth=\count273
\beamer@sectionadjust=\count274
\beamer@toclastsection=\count275
\beamer@tocsectionnumber=\count276

(C:\Users\noebo\Downloads\.k\tex/latex/beamer\beamerbaseoptions.sty
(C:\Users\noebo\Downloads\.k\tex/latex/graphics\keyval.sty
Package: keyval 2022/05/29 v1.15 key=value parser (DPC)
\KV@toks@=\toks16
))
\beamer@paperwidth=\skip48
\beamer@paperheight=\skip49

(C:\Users\noebo\Downloads\.k\tex/latex/geometry\geometry.sty
Package: geometry 2020/01/02 v5.9 Page Geometry

(C:\Users\noebo\Downloads\.k\tex/generic/iftex\ifvtex.sty
Package: ifvtex 2019/10/25 v1.7 ifvtex legacy package. Use iftex instead.
)
\Gm@cnth=\count277
\Gm@cntv=\count278
\c@Gm@tempcnt=\count279
\Gm@bindingoffset=\dimen154
\Gm@wd@mp=\dimen155
\Gm@odd@mp=\dimen156
\Gm@even@mp=\dimen157
\Gm@layoutwidth=\dimen158
\Gm@layoutheight=\dimen159
\Gm@layouthoffset=\dimen160
\Gm@layoutvoffset=\dimen161
\Gm@dimlist=\toks17

(C:\Users\noebo\Downloads\.k\tex/latex/geometry\geometry.cfg))
(C:\Users\noebo\Downloads\.k\tex/latex/pgf/math\pgfmath.sty
(C:\Users\noebo\Downloads\.k\tex/latex/pgf/utilities\pgfrcs.sty
(C:\Users\noebo\Downloads\.k\tex/generic/pgf/utilities\pgfutil-common.tex
\pgfutil@everybye=\toks18
\pgfutil@tempdima=\dimen162
\pgfutil@tempdimb=\dimen163

(C:\Users\noebo\Downloads\.k\tex/generic/pgf/utilities\pgfutil-common-lists.tex
)) (C:\Users\noebo\Downloads\.k\tex/generic/pgf/utilities\pgfutil-latex.def
\pgfutil@abb=\box60
)
(C:\Users\noebo\Downloads\.k\tex/generic/pgf/utilities\pgfrcs.code.tex
(C:\Users\noebo\Downloads\.k\tex/generic/pgf\pgf.revision.tex)
Package: pgfrcs 2021/05/15 v3.1.9a (3.1.9a)
))
(C:\Users\noebo\Downloads\.k\tex/latex/pgf/utilities\pgfkeys.sty
(C:\Users\noebo\Downloads\.k\tex/generic/pgf/utilities\pgfkeys.code.tex
\pgfkeys@pathtoks=\toks19
\pgfkeys@temptoks=\toks20

(C:\Users\noebo\Downloads\.k\tex/generic/pgf/utilities\pgfkeysfiltered.code.tex
\pgfkeys@tmptoks=\toks21
))) (C:\Users\noebo\Downloads\.k\tex/generic/pgf/math\pgfmath.code.tex
(C:\Users\noebo\Downloads\.k\tex/generic/pgf/math\pgfmathcalc.code.tex
(C:\Users\noebo\Downloads\.k\tex/generic/pgf/math\pgfmathutil.code.tex
\pgf@x=\dimen164
\pgf@xa=\dimen165
\pgf@xb=\dimen166
\pgf@xc=\dimen167
\pgf@y=\dimen168
\pgf@ya=\dimen169
\pgf@yb=\dimen170
\pgf@yc=\dimen171
\c@pgf@counta=\count280
\c@pgf@countb=\count281
\c@pgf@countc=\count282
\c@pgf@countd=\count283
)
(C:\Users\noebo\Downloads\.k\tex/generic/pgf/math\pgfmathparser.code.tex
\pgfmath@dimen=\dimen172
\pgfmath@count=\count284
\pgfmath@box=\box61
\pgfmath@toks=\toks22
\pgfmath@stack@operand=\toks23
\pgfmath@stack@operation=\toks24
)
(C:\Users\noebo\Downloads\.k\tex/generic/pgf/math\pgfmathfunctions.code.tex
(C:\Users\noebo\Downloads\.k\tex/generic/pgf/math\pgfmathfunctions.basic.code.t
ex)
(C:\Users\noebo\Downloads\.k\tex/generic/pgf/math\pgfmathfunctions.trigonometri
c.code.tex)
(C:\Users\noebo\Downloads\.k\tex/generic/pgf/math\pgfmathfunctions.random.code.
tex)
(C:\Users\noebo\Downloads\.k\tex/generic/pgf/math\pgfmathfunctions.comparison.c
ode.tex)
(C:\Users\noebo\Downloads\.k\tex/generic/pgf/math\pgfmathfunctions.base.code.te
x)
(C:\Users\noebo\Downloads\.k\tex/generic/pgf/math\pgfmathfunctions.round.code.t
ex)
(C:\Users\noebo\Downloads\.k\tex/generic/pgf/math\pgfmathfunctions.misc.code.te
x)
(C:\Users\noebo\Downloads\.k\tex/generic/pgf/math\pgfmathfunctions.integerarith
metics.code.tex)))
(C:\Users\noebo\Downloads\.k\tex/generic/pgf/math\pgfmathfloat.code.tex
\c@pgfmathroundto@lastzeros=\count285
)))
(C:\Users\noebo\Downloads\.k\tex/latex/base\size11.clo
File: size11.clo 2021/10/04 v1.4n Standard LaTeX file (size option)
)
(C:\Users\noebo\Downloads\.k\tex/latex/pgf/basiclayer\pgfcore.sty
(C:\Users\noebo\Downloads\.k\tex/latex/graphics\graphicx.sty
Package: graphicx 2021/09/16 v1.2d Enhanced LaTeX Graphics (DPC,SPQR)

(C:\Users\noebo\Downloads\.k\tex/latex/graphics\graphics.sty
Package: graphics 2022/03/10 v1.4e Standard LaTeX Graphics (DPC,SPQR)

(C:\Users\noebo\Downloads\.k\tex/latex/graphics\trig.sty
Package: trig 2021/08/11 v1.11 sin cos tan (DPC)
)
(C:\Users\noebo\Downloads\.k\tex/latex/graphics-cfg\graphics.cfg
File: graphics.cfg 2016/06/04 v1.11 sample graphics configuration
)
Package graphics Info: Driver file: pdftex.def on input line 107.

(C:\Users\noebo\Downloads\.k\tex/latex/graphics-def\pdftex.def
File: pdftex.def 2020/10/05 v1.2a Graphics/color driver for pdftex
))
\Gin@req@height=\dimen173
\Gin@req@width=\dimen174
)
(C:\Users\noebo\Downloads\.k\tex/latex/pgf/systemlayer\pgfsys.sty
(C:\Users\noebo\Downloads\.k\tex/generic/pgf/systemlayer\pgfsys.code.tex
Package: pgfsys 2021/05/15 v3.1.9a (3.1.9a)

(C:\Users\noebo\Downloads\.k\tex/generic/pgf/utilities\pgfkeys.code.tex)
\pgf@x=\dimen175
\pgf@y=\dimen176
\pgf@xa=\dimen177
\pgf@ya=\dimen178
\pgf@xb=\dimen179
\pgf@yb=\dimen180
\pgf@xc=\dimen181
\pgf@yc=\dimen182
\pgf@xd=\dimen183
\pgf@yd=\dimen184
\w@pgf@writea=\write3
\r@pgf@reada=\read2
\c@pgf@counta=\count286
\c@pgf@countb=\count287
\c@pgf@countc=\count288
\c@pgf@countd=\count289
\t@pgf@toka=\toks25
\t@pgf@tokb=\toks26
\t@pgf@tokc=\toks27
\pgf@sys@id@count=\count290

(C:\Users\noebo\Downloads\.k\tex/generic/pgf/systemlayer\pgf.cfg
File: pgf.cfg 2021/05/15 v3.1.9a (3.1.9a)
)
Driver file for pgf: pgfsys-pdftex.def

(C:\Users\noebo\Downloads\.k\tex/generic/pgf/systemlayer\pgfsys-pdftex.def
File: pgfsys-pdftex.def 2021/05/15 v3.1.9a (3.1.9a)

(C:\Users\noebo\Downloads\.k\tex/generic/pgf/systemlayer\pgfsys-common-pdf.def
File: pgfsys-common-pdf.def 2021/05/15 v3.1.9a (3.1.9a)
)))
(C:\Users\noebo\Downloads\.k\tex/generic/pgf/systemlayer\pgfsyssoftpath.code.te
x
File: pgfsyssoftpath.code.tex 2021/05/15 v3.1.9a (3.1.9a)
\pgfsyssoftpath@smallbuffer@items=\count291
\pgfsyssoftpath@bigbuffer@items=\count292
)
(C:\Users\noebo\Downloads\.k\tex/generic/pgf/systemlayer\pgfsysprotocol.code.te
x
File: pgfsysprotocol.code.tex 2021/05/15 v3.1.9a (3.1.9a)
)) (C:\Users\noebo\Downloads\.k\tex/latex/xcolor\xcolor.sty
Package: xcolor 2022/06/12 v2.14 LaTeX color extensions (UK)

(C:\Users\noebo\Downloads\.k\tex/latex/graphics-cfg\color.cfg
File: color.cfg 2016/01/02 v1.6 sample color configuration
)
Package xcolor Info: Driver file: pdftex.def on input line 227.

(C:\Users\noebo\Downloads\.k\tex/latex-dev/graphics\mathcolor.ltx)
Package xcolor Info: Model `cmy' substituted by `cmy0' on input line 1353.
Package xcolor Info: Model `hsb' substituted by `rgb' on input line 1357.
Package xcolor Info: Model `RGB' extended on input line 1369.
Package xcolor Info: Model `HTML' substituted by `rgb' on input line 1371.
Package xcolor Info: Model `Hsb' substituted by `hsb' on input line 1372.
Package xcolor Info: Model `tHsb' substituted by `hsb' on input line 1373.
Package xcolor Info: Model `HSB' substituted by `hsb' on input line 1374.
Package xcolor Info: Model `Gray' substituted by `gray' on input line 1375.
Package xcolor Info: Model `wave' substituted by `hsb' on input line 1376.
)
(C:\Users\noebo\Downloads\.k\tex/generic/pgf/basiclayer\pgfcore.code.tex
Package: pgfcore 2021/05/15 v3.1.9a (3.1.9a)

(C:\Users\noebo\Downloads\.k\tex/generic/pgf/math\pgfmath.code.tex)
(C:\Users\noebo\Downloads\.k\tex/generic/pgf/math\pgfint.code.tex)
(C:\Users\noebo\Downloads\.k\tex/generic/pgf/basiclayer\pgfcorepoints.code.tex
File: pgfcorepoints.code.tex 2021/05/15 v3.1.9a (3.1.9a)
\pgf@picminx=\dimen185
\pgf@picmaxx=\dimen186
\pgf@picminy=\dimen187
\pgf@picmaxy=\dimen188
\pgf@pathminx=\dimen189
\pgf@pathmaxx=\dimen190
\pgf@pathminy=\dimen191
\pgf@pathmaxy=\dimen192
\pgf@xx=\dimen193
\pgf@xy=\dimen194
\pgf@yx=\dimen195
\pgf@yy=\dimen196
\pgf@zx=\dimen197
\pgf@zy=\dimen198
)
(C:\Users\noebo\Downloads\.k\tex/generic/pgf/basiclayer\pgfcorepathconstruct.co
de.tex
File: pgfcorepathconstruct.code.tex 2021/05/15 v3.1.9a (3.1.9a)
\pgf@path@lastx=\dimen199
\pgf@path@lasty=\dimen256
)
(C:\Users\noebo\Downloads\.k\tex/generic/pgf/basiclayer\pgfcorepathusage.code.t
ex
File: pgfcorepathusage.code.tex 2021/05/15 v3.1.9a (3.1.9a)
\pgf@shorten@end@additional=\dimen257
\pgf@shorten@start@additional=\dimen258
)
(C:\Users\noebo\Downloads\.k\tex/generic/pgf/basiclayer\pgfcorescopes.code.tex
File: pgfcorescopes.code.tex 2021/05/15 v3.1.9a (3.1.9a)
\pgfpic=\box62
\pgf@hbox=\box63
\pgf@layerbox@main=\box64
\pgf@picture@serial@count=\count293
)
(C:\Users\noebo\Downloads\.k\tex/generic/pgf/basiclayer\pgfcoregraphicstate.cod
e.tex
File: pgfcoregraphicstate.code.tex 2021/05/15 v3.1.9a (3.1.9a)
\pgflinewidth=\dimen259
)
(C:\Users\noebo\Downloads\.k\tex/generic/pgf/basiclayer\pgfcoretransformations.
code.tex
File: pgfcoretransformations.code.tex 2021/05/15 v3.1.9a (3.1.9a)
\pgf@pt@x=\dimen260
\pgf@pt@y=\dimen261
\pgf@pt@temp=\dimen262
)
(C:\Users\noebo\Downloads\.k\tex/generic/pgf/basiclayer\pgfcorequick.code.tex
File: pgfcorequick.code.tex 2021/05/15 v3.1.9a (3.1.9a)
)
(C:\Users\noebo\Downloads\.k\tex/generic/pgf/basiclayer\pgfcoreobjects.code.tex
File: pgfcoreobjects.code.tex 2021/05/15 v3.1.9a (3.1.9a)
)
(C:\Users\noebo\Downloads\.k\tex/generic/pgf/basiclayer\pgfcorepathprocessing.c
ode.tex
File: pgfcorepathprocessing.code.tex 2021/05/15 v3.1.9a (3.1.9a)
)
(C:\Users\noebo\Downloads\.k\tex/generic/pgf/basiclayer\pgfcorearrows.code.tex
File: pgfcorearrows.code.tex 2021/05/15 v3.1.9a (3.1.9a)
\pgfarrowsep=\dimen263
) (C:\Users\noebo\Downloads\.k\tex/generic/pgf/basiclayer\pgfcoreshade.code.tex
File: pgfcoreshade.code.tex 2021/05/15 v3.1.9a (3.1.9a)
\pgf@max=\dimen264
\pgf@sys@shading@range@num=\count294
\pgf@shadingcount=\count295
) (C:\Users\noebo\Downloads\.k\tex/generic/pgf/basiclayer\pgfcoreimage.code.tex
File: pgfcoreimage.code.tex 2021/05/15 v3.1.9a (3.1.9a)

(C:\Users\noebo\Downloads\.k\tex/generic/pgf/basiclayer\pgfcoreexternal.code.te
x
File: pgfcoreexternal.code.tex 2021/05/15 v3.1.9a (3.1.9a)
\pgfexternal@startupbox=\box65
))
(C:\Users\noebo\Downloads\.k\tex/generic/pgf/basiclayer\pgfcorelayers.code.tex
File: pgfcorelayers.code.tex 2021/05/15 v3.1.9a (3.1.9a)
)
(C:\Users\noebo\Downloads\.k\tex/generic/pgf/basiclayer\pgfcoretransparency.cod
e.tex
File: pgfcoretransparency.code.tex 2021/05/15 v3.1.9a (3.1.9a)
)
(C:\Users\noebo\Downloads\.k\tex/generic/pgf/basiclayer\pgfcorepatterns.code.te
x
File: pgfcorepatterns.code.tex 2021/05/15 v3.1.9a (3.1.9a)
) (C:\Users\noebo\Downloads\.k\tex/generic/pgf/basiclayer\pgfcorerdf.code.tex
File: pgfcorerdf.code.tex 2021/05/15 v3.1.9a (3.1.9a)
))) (C:\Users\noebo\Downloads\.k\tex/latex/pgf/utilities\xxcolor.sty
Package: xxcolor 2003/10/24 ver 0.1
\XC@nummixins=\count296
\XC@countmixins=\count297
)
(C:\Users\noebo\Downloads\.k\tex/latex/base\atbegshi-ltx.sty
Package: atbegshi-ltx 2021/01/10 v1.0c Emulation of the original atbegshi
package with kernel methods
)
(C:\Users\noebo\Downloads\.k\tex/latex/hyperref\hyperref.sty
Package: hyperref 2022-06-20 v7.00s Hypertext links for LaTeX

(C:\Users\noebo\Downloads\.k\tex/generic/ltxcmds\ltxcmds.sty
Package: ltxcmds 2020-05-10 v1.25 LaTeX kernel commands for general use (HO)
)
(C:\Users\noebo\Downloads\.k\tex/generic/pdftexcmds\pdftexcmds.sty
Package: pdftexcmds 2020-06-27 v0.33 Utility functions of pdfTeX for LuaTeX (HO
)

(C:\Users\noebo\Downloads\.k\tex/generic/infwarerr\infwarerr.sty
Package: infwarerr 2019/12/03 v1.5 Providing info/warning/error messages (HO)
)
Package pdftexcmds Info: \pdf@primitive is available.
Package pdftexcmds Info: \pdf@ifprimitive is available.
Package pdftexcmds Info: \pdfdraftmode found.
)
(C:\Users\noebo\Downloads\.k\tex/generic/kvsetkeys\kvsetkeys.sty
Package: kvsetkeys 2019/12/15 v1.18 Key value parser (HO)
)
(C:\Users\noebo\Downloads\.k\tex/generic/kvdefinekeys\kvdefinekeys.sty
Package: kvdefinekeys 2019-12-19 v1.6 Define keys (HO)
)
(C:\Users\noebo\Downloads\.k\tex/generic/pdfescape\pdfescape.sty
Package: pdfescape 2019/12/09 v1.15 Implements pdfTeX's escape features (HO)
)
(C:\Users\noebo\Downloads\.k\tex/latex/hycolor\hycolor.sty
Package: hycolor 2020-01-27 v1.10 Color options for hyperref/bookmark (HO)
)
(C:\Users\noebo\Downloads\.k\tex/latex/letltxmacro\letltxmacro.sty
Package: letltxmacro 2019/12/03 v1.6 Let assignment for LaTeX macros (HO)
)
(C:\Users\noebo\Downloads\.k\tex/latex/auxhook\auxhook.sty
Package: auxhook 2019-12-17 v1.6 Hooks for auxiliary files (HO)
)
(C:\Users\noebo\Downloads\.k\tex/latex/hyperref\nameref.sty
Package: nameref 2022-05-17 v2.50 Cross-referencing by name of section

(C:\Users\noebo\Downloads\.k\tex/latex/refcount\refcount.sty
Package: refcount 2019/12/15 v3.6 Data extraction from label references (HO)
)
(C:\Users\noebo\Downloads\.k\tex/generic/gettitlestring\gettitlestring.sty
Package: gettitlestring 2019/12/15 v1.6 Cleanup title references (HO)

(C:\Users\noebo\Downloads\.k\tex/latex/kvoptions\kvoptions.sty
Package: kvoptions 2022-06-15 v3.15 Key value format for package options (HO)
))
\c@section@level=\count298
)
\@linkdim=\dimen265
\Hy@linkcounter=\count299
\Hy@pagecounter=\count300

(C:\Users\noebo\Downloads\.k\tex/latex/hyperref\pd1enc.def
File: pd1enc.def 2022-06-20 v7.00s Hyperref: PDFDocEncoding definition (HO)
Now handling font encoding PD1 ...
... no UTF-8 mapping file for font encoding PD1
)
(C:\Users\noebo\Downloads\.k\tex/generic/intcalc\intcalc.sty
Package: intcalc 2019/12/15 v1.3 Expandable calculations with integers (HO)
)
(C:\Users\noebo\Downloads\.k\tex/generic/etexcmds\etexcmds.sty
Package: etexcmds 2019/12/15 v1.7 Avoid name clashes with e-TeX commands (HO)
)
\Hy@SavedSpaceFactor=\count301

(C:\Users\noebo\Downloads\.k\tex/latex/hyperref\puenc.def
File: puenc.def 2022-06-20 v7.00s Hyperref: PDF Unicode definition (HO)
Now handling font encoding PU ...
... no UTF-8 mapping file for font encoding PU
)
Package hyperref Info: Option `bookmarks' set `true' on input line 4045.
Package hyperref Info: Option `bookmarksopen' set `true' on input line 4045.
Package hyperref Info: Option `implicit' set `false' on input line 4045.
Package hyperref Info: Hyper figures OFF on input line 4162.
Package hyperref Info: Link nesting OFF on input line 4167.
Package hyperref Info: Hyper index ON on input line 4170.
Package hyperref Info: Plain pages OFF on input line 4177.
Package hyperref Info: Backreferencing OFF on input line 4182.
Package hyperref Info: Implicit mode OFF; no redefinition of LaTeX internals.
Package hyperref Info: Bookmarks ON on input line 4408.
\c@Hy@tempcnt=\count302

(C:\Users\noebo\Downloads\.k\tex/latex/url\url.sty
\Urlmuskip=\muskip16
Package: url 2013/09/16  ver 3.4  Verb mode for urls, etc.
)
LaTeX Info: Redefining \url on input line 4746.
\XeTeXLinkMargin=\dimen266

(C:\Users\noebo\Downloads\.k\tex/generic/bitset\bitset.sty
Package: bitset 2019/12/09 v1.3 Handle bit-vector datatype (HO)

(C:\Users\noebo\Downloads\.k\tex/generic/bigintcalc\bigintcalc.sty
Package: bigintcalc 2019/12/15 v1.5 Expandable calculations on big integers (HO
)
))
\Fld@menulength=\count303
\Field@Width=\dimen267
\Fld@charsize=\dimen268
Package hyperref Info: Hyper figures OFF on input line 6024.
Package hyperref Info: Link nesting OFF on input line 6029.
Package hyperref Info: Hyper index ON on input line 6032.
Package hyperref Info: backreferencing OFF on input line 6039.
Package hyperref Info: Link coloring OFF on input line 6044.
Package hyperref Info: Link coloring with OCG OFF on input line 6049.
Package hyperref Info: PDF/A mode OFF on input line 6054.
\Hy@abspage=\count304


Package hyperref Message: Stopped early.

)
Package hyperref Info: Driver (autodetected): hpdftex.
 (C:\Users\noebo\Downloads\.k\tex/latex/hyperref\hpdftex.def
File: hpdftex.def 2022-06-20 v7.00s Hyperref driver for pdfTeX

(C:\Users\noebo\Downloads\.k\tex/latex/base\atveryend-ltx.sty
Package: atveryend-ltx 2020/08/19 v1.0a Emulation of the original atveryend pac
kage
with kernel methods
)
\Fld@listcount=\count305
\c@bookmark@seq@number=\count306

(C:\Users\noebo\Downloads\.k\tex/latex/rerunfilecheck\rerunfilecheck.sty
Package: rerunfilecheck 2022-07-10 v1.10 Rerun checks for auxiliary files (HO)

(C:\Users\noebo\Downloads\.k\tex/generic/uniquecounter\uniquecounter.sty
Package: uniquecounter 2019/12/15 v1.4 Provide unlimited unique counter (HO)
)
Package uniquecounter Info: New unique counter `rerunfilecheck' on input line 2
85.
))
(C:\Users\noebo\Downloads\.k\tex/latex/beamer\beamerbaserequires.sty
(C:\Users\noebo\Downloads\.k\tex/latex/beamer\beamerbasecompatibility.sty)
(C:\Users\noebo\Downloads\.k\tex/latex/beamer\beamerbasefont.sty
(C:\Users\noebo\Downloads\.k\tex/latex/amsfonts\amssymb.sty
Package: amssymb 2013/01/14 v3.01 AMS font symbols

(C:\Users\noebo\Downloads\.k\tex/latex/amsfonts\amsfonts.sty
Package: amsfonts 2013/01/14 v3.01 Basic AMSFonts support
\@emptytoks=\toks28
\symAMSa=\mathgroup4
\symAMSb=\mathgroup5
LaTeX Font Info:    Redeclaring math symbol \hbar on input line 98.
LaTeX Font Info:    Overwriting math alphabet `\mathfrak' in version `bold'
(Font)                  U/euf/m/n --> U/euf/b/n on input line 106.
))
(C:\Users\noebo\Downloads\.k\tex/latex/sansmathaccent\sansmathaccent.sty
Package: sansmathaccent 2020/01/31

(C:\Users\noebo\Downloads\.k\tex/latex/koma-script\scrlfile.sty
Package: scrlfile 2022/07/04 v3.37 KOMA-Script package (file load hooks)

(C:\Users\noebo\Downloads\.k\tex/latex/koma-script\scrlfile-hook.sty
Package: scrlfile-hook 2022/07/04 v3.37 KOMA-Script package (using LaTeX hooks)


(C:\Users\noebo\Downloads\.k\tex/latex/koma-script\scrlogo.sty
Package: scrlogo 2022/07/04 v3.37 KOMA-Script package (logo)
)))))
(C:\Users\noebo\Downloads\.k\tex/latex/beamer\beamerbasetranslator.sty
(C:\Users\noebo\Downloads\.k\tex/latex/translator\translator.sty
Package: translator 2021-05-31 v1.12d Easy translation of strings in LaTeX
))
(C:\Users\noebo\Downloads\.k\tex/latex/beamer\beamerbasemisc.sty)
(C:\Users\noebo\Downloads\.k\tex/latex/beamer\beamerbasetwoscreens.sty)
(C:\Users\noebo\Downloads\.k\tex/latex/beamer\beamerbaseoverlay.sty
\beamer@argscount=\count307
\beamer@lastskipcover=\skip50
\beamer@trivlistdepth=\count308
)
(C:\Users\noebo\Downloads\.k\tex/latex/beamer\beamerbasetitle.sty)
(C:\Users\noebo\Downloads\.k\tex/latex/beamer\beamerbasesection.sty
\c@lecture=\count309
\c@part=\count310
\c@section=\count311
\c@subsection=\count312
\c@subsubsection=\count313
)
(C:\Users\noebo\Downloads\.k\tex/latex/beamer\beamerbaseframe.sty
\beamer@framebox=\box66
\beamer@frametitlebox=\box67
\beamer@zoombox=\box68
\beamer@zoomcount=\count314
\beamer@zoomframecount=\count315
\beamer@frametextheight=\dimen269
\c@subsectionslide=\count316
\beamer@frametopskip=\skip51
\beamer@framebottomskip=\skip52
\beamer@frametopskipautobreak=\skip53
\beamer@framebottomskipautobreak=\skip54
\beamer@envbody=\toks29
\framewidth=\dimen270
\c@framenumber=\count317
)
(C:\Users\noebo\Downloads\.k\tex/latex/beamer\beamerbaseverbatim.sty
\beamer@verbatimfileout=\write4
)
(C:\Users\noebo\Downloads\.k\tex/latex/beamer\beamerbaseframesize.sty
\beamer@splitbox=\box69
\beamer@autobreakcount=\count318
\beamer@autobreaklastheight=\dimen271
\beamer@frametitletoks=\toks30
\beamer@framesubtitletoks=\toks31
)
(C:\Users\noebo\Downloads\.k\tex/latex/beamer\beamerbaseframecomponents.sty
\beamer@footins=\box70
)
(C:\Users\noebo\Downloads\.k\tex/latex/beamer\beamerbasecolor.sty)
(C:\Users\noebo\Downloads\.k\tex/latex/beamer\beamerbasenotes.sty
\beamer@frameboxcopy=\box71
)
(C:\Users\noebo\Downloads\.k\tex/latex/beamer\beamerbasetoc.sty)
(C:\Users\noebo\Downloads\.k\tex/latex/beamer\beamerbasetemplates.sty
\beamer@sbttoks=\toks32

(C:\Users\noebo\Downloads\.k\tex/latex/beamer\beamerbaseauxtemplates.sty
(C:\Users\noebo\Downloads\.k\tex/latex/beamer\beamerbaseboxes.sty
\bmb@box=\box72
\bmb@colorbox=\box73
\bmb@boxwidth=\dimen272
\bmb@boxheight=\dimen273
\bmb@prevheight=\dimen274
\bmb@temp=\dimen275
\bmb@dima=\dimen276
\bmb@dimb=\dimen277
\bmb@prevheight=\dimen278
)
\beamer@blockheadheight=\dimen279
))
(C:\Users\noebo\Downloads\.k\tex/latex/beamer\beamerbaselocalstructure.sty
(C:\Users\noebo\Downloads\.k\tex/latex/tools\enumerate.sty
Package: enumerate 2015/07/23 v3.00 enumerate extensions (DPC)
\@enLab=\toks33
)
\beamer@bibiconwidth=\skip55
\c@figure=\count319
\c@table=\count320
\abovecaptionskip=\skip56
\belowcaptionskip=\skip57
)
(C:\Users\noebo\Downloads\.k\tex/latex/beamer\beamerbasenavigation.sty
\beamer@section@min@dim=\dimen280
)
(C:\Users\noebo\Downloads\.k\tex/latex/beamer\beamerbasetheorems.sty
(C:\Users\noebo\Downloads\.k\tex/latex/amsmath\amsmath.sty
Package: amsmath 2022/04/08 v2.17n AMS math features
\@mathmargin=\skip58

For additional information on amsmath, use the `?' option.
(C:\Users\noebo\Downloads\.k\tex/latex/amsmath\amstext.sty
Package: amstext 2021/08/26 v2.01 AMS text

(C:\Users\noebo\Downloads\.k\tex/latex/amsmath\amsgen.sty
File: amsgen.sty 1999/11/30 v2.0 generic functions
\@emptytoks=\toks34
\ex@=\dimen281
))
(C:\Users\noebo\Downloads\.k\tex/latex/amsmath\amsbsy.sty
Package: amsbsy 1999/11/29 v1.2d Bold Symbols
\pmbraise@=\dimen282
)
(C:\Users\noebo\Downloads\.k\tex/latex/amsmath\amsopn.sty
Package: amsopn 2022/04/08 v2.04 operator names
)
\inf@bad=\count321
LaTeX Info: Redefining \frac on input line 234.
\uproot@=\count322
\leftroot@=\count323
LaTeX Info: Redefining \overline on input line 399.
LaTeX Info: Redefining \colon on input line 410.
\classnum@=\count324
\DOTSCASE@=\count325
LaTeX Info: Redefining \ldots on input line 496.
LaTeX Info: Redefining \dots on input line 499.
LaTeX Info: Redefining \cdots on input line 620.
\Mathstrutbox@=\box74
\strutbox@=\box75
LaTeX Info: Redefining \big on input line 722.
LaTeX Info: Redefining \Big on input line 723.
LaTeX Info: Redefining \bigg on input line 724.
LaTeX Info: Redefining \Bigg on input line 725.
\big@size=\dimen283
LaTeX Font Info:    Redeclaring font encoding OML on input line 743.
LaTeX Font Info:    Redeclaring font encoding OMS on input line 744.
\macc@depth=\count326
LaTeX Info: Redefining \bmod on input line 905.
LaTeX Info: Redefining \pmod on input line 910.
LaTeX Info: Redefining \smash on input line 940.
LaTeX Info: Redefining \relbar on input line 970.
LaTeX Info: Redefining \Relbar on input line 971.
\c@MaxMatrixCols=\count327
\dotsspace@=\muskip17
\c@parentequation=\count328
\dspbrk@lvl=\count329
\tag@help=\toks35
\row@=\count330
\column@=\count331
\maxfields@=\count332
\andhelp@=\toks36
\eqnshift@=\dimen284
\alignsep@=\dimen285
\tagshift@=\dimen286
\tagwidth@=\dimen287
\totwidth@=\dimen288
\lineht@=\dimen289
\@envbody=\toks37
\multlinegap=\skip59
\multlinetaggap=\skip60
\mathdisplay@stack=\toks38
LaTeX Info: Redefining \[ on input line 2953.
LaTeX Info: Redefining \] on input line 2954.
)
(C:\Users\noebo\Downloads\.k\tex/latex/amscls\amsthm.sty
Package: amsthm 2020/05/29 v2.20.6
\thm@style=\toks39
\thm@bodyfont=\toks40
\thm@headfont=\toks41
\thm@notefont=\toks42
\thm@headpunct=\toks43
\thm@preskip=\skip61
\thm@postskip=\skip62
\thm@headsep=\skip63
\dth@everypar=\toks44
)
\c@theorem=\count333
)
(C:\Users\noebo\Downloads\.k\tex/latex/beamer\beamerbasethemes.sty))
(C:\Users\noebo\Downloads\.k\tex/latex/beamer\beamerthemedefault.sty
(C:\Users\noebo\Downloads\.k\tex/latex/beamer\beamerfontthemedefault.sty)
(C:\Users\noebo\Downloads\.k\tex/latex/beamer\beamercolorthemedefault.sty)
(C:\Users\noebo\Downloads\.k\tex/latex/beamer\beamerinnerthemedefault.sty
\beamer@dima=\dimen290
\beamer@dimb=\dimen291
)
(C:\Users\noebo\Downloads\.k\tex/latex/beamer\beamerouterthemedefault.sty)))
(C:\Users\noebo\Downloads\.k\tex/latex/beamer\beamerthemeMadrid.sty
(C:\Users\noebo\Downloads\.k\tex/latex/beamer\beamercolorthemewhale.sty)
(C:\Users\noebo\Downloads\.k\tex/latex/beamer\beamercolorthemeorchid.sty)
(C:\Users\noebo\Downloads\.k\tex/latex/beamer\beamerinnerthemerounded.sty)
(C:\Users\noebo\Downloads\.k\tex/latex/beamer\beamerouterthemeinfolines.sty))
(C:\Users\noebo\Downloads\.k\tex/latex/base\fontenc.sty
Package: fontenc 2021/04/29 v2.0v Standard LaTeX package
)
(C:\Users\noebo\Downloads\.k\tex/generic/babel\babel.sty
Package: babel 2022/08/29 3.79 The Babel package
\babel@savecnt=\count334
\U@D=\dimen292
\l@unhyphenated=\language83

(C:\Users\noebo\Downloads\.k\tex/generic/babel\txtbabel.def)
\bbl@readstream=\read3
LaTeX Info: Redefining \textlatin on input line 4079.
\bbl@dirlevel=\count335

*************************************
* Local config file bblopts.cfg used
*
(C:\Users\noebo\Downloads\.k\tex/latex/arabi\bblopts.cfg
File: bblopts.cfg 2005/09/08 v0.1 add Arabic and Farsi to "declared" options of
 babel
)
(C:\Users\noebo\Downloads\.k\tex/generic/babel-french\french.ldf
Language: french 2022/04/18 v3.5n French support from the babel system
Package babel Info: Hyphen rules for 'acadian' set to \l@french
(babel)             (\language24). Reported on input line 91.
Package babel Info: Hyphen rules for 'canadien' set to \l@french
(babel)             (\language24). Reported on input line 92.
\FB@nonchar=\count336
Package babel Info: Making : an active character on input line 430.
Package babel Info: Making ; an active character on input line 431.
Package babel Info: Making ! an active character on input line 432.
Package babel Info: Making ? an active character on input line 433.
\FBguill@level=\count337
\FBold@everypar=\toks45
\FB@Mht=\dimen293
\mc@charclass=\count338
\mc@charfam=\count339
\mc@charslot=\count340
\std@mcc=\count341
\dec@mcc=\count342
\listindentFB=\dimen294
\descindentFB=\dimen295
\labelindentFB=\dimen296
\labelwidthFB=\dimen297
\leftmarginFB=\dimen298
\parindentFFN=\dimen299
\FBfnindent=\dimen300
))
(C:\Users\noebo\Downloads\.k\tex/generic/babel/locale/fr\babel-french.tex
Package babel Info: Importing font and identification data for french
(babel)             from babel-fr.ini. Reported on input line 11.
)
(C:\Users\noebo\Downloads\.k\tex/latex/carlisle\scalefnt.sty)
Package french.ldf Info: No list customisation for the beamer class,
(french.ldf)             reported on input line 6.

(C:\Users\noebo\Downloads\.k\tex/latex/jknappen\mathrsfs.sty
Package: mathrsfs 1996/01/01 Math RSFS package v1.0 (jk)
\symrsfs=\mathgroup6
)
(C:\Users\noebo\Downloads\.k\tex/latex/mathtools\empheq.sty
Package: empheq 2017/03/31 v2.15 Emphasizing equations

(C:\Users\noebo\Downloads\.k\tex/latex/mathtools\mhsetup.sty
Package: mhsetup 2021/03/18 v1.4 programming setup (MH)
)
(C:\Users\noebo\Downloads\.k\tex/latex/mathtools\mathtools.sty
Package: mathtools 2022/06/29 v1.29 mathematical typesetting tools

(C:\Users\noebo\Downloads\.k\tex/latex/tools\calc.sty
Package: calc 2017/05/25 v4.3 Infix arithmetic (KKT,FJ)
\calc@Acount=\count343
\calc@Bcount=\count344
\calc@Adimen=\dimen301
\calc@Bdimen=\dimen302
\calc@Askip=\skip64
\calc@Bskip=\skip65
LaTeX Info: Redefining \setlength on input line 80.
LaTeX Info: Redefining \addtolength on input line 81.
\calc@Ccount=\count345
\calc@Cskip=\skip66
)
\g_MT_multlinerow_int=\count346
\l_MT_multwidth_dim=\dimen303
\origjot=\skip67
\l_MT_shortvdotswithinadjustabove_dim=\dimen304
\l_MT_shortvdotswithinadjustbelow_dim=\dimen305
\l_MT_above_intertext_sep=\dimen306
\l_MT_below_intertext_sep=\dimen307
\l_MT_above_shortintertext_sep=\dimen308
\l_MT_below_shortintertext_sep=\dimen309
\xmathstrut@box=\box76
\xmathstrut@dim=\dimen310
)
\l_EQ_equationtype_int=\count347
\l_EQ_alignmentmode_int=\count348
\l_EQ_totalwidth_dim=\dimen311
\l_EQ_displaywidth_dim=\dimen312
\l_EQ_temp_linewidth_dim=\dimen313
\l_EQ_linewidth_dim=\dimen314
\EmphEqdelimitershortfall=\dimen315
\EmphEqdelimiterfactor=\count349
\g_EQ_toptag_height_dim=\dimen316
\g_EQ_bottomtag_depth_dim=\dimen317
\g_EQ_toprow_height_dim=\dimen318
\g_EQ_bottomrow_depth_dim=\dimen319
\g_EQ_widesttag_dim=\dimen320
\EQ_mathdisplay_box=\box77
\EQ_tag_box=\box78
\g_EQ_temprow_int=\count350
)
(C:\Users\noebo\Downloads\.k\tex/latex/l3backend\l3backend-pdftex.def
File: l3backend-pdftex.def 2022-08-30 L3 backend support: PDF output (pdfTeX)
\l__color_backend_stack_int=\count351
\l__pdf_internal_box=\box79
)
(beamer présentation v3.aux)
\openout1 = `"beamer présentation v3.aux"'.

LaTeX Font Info:    Checking defaults for OML/cmm/m/it on input line 40.
LaTeX Font Info:    ... okay on input line 40.
LaTeX Font Info:    Checking defaults for OMS/cmsy/m/n on input line 40.
LaTeX Font Info:    ... okay on input line 40.
LaTeX Font Info:    Checking defaults for OT1/cmr/m/n on input line 40.
LaTeX Font Info:    ... okay on input line 40.
LaTeX Font Info:    Checking defaults for T1/cmr/m/n on input line 40.
LaTeX Font Info:    ... okay on input line 40.
LaTeX Font Info:    Checking defaults for TS1/cmr/m/n on input line 40.
LaTeX Font Info:    ... okay on input line 40.
LaTeX Font Info:    Checking defaults for OMX/cmex/m/n on input line 40.
LaTeX Font Info:    ... okay on input line 40.
LaTeX Font Info:    Checking defaults for U/cmr/m/n on input line 40.
LaTeX Font Info:    ... okay on input line 40.
LaTeX Font Info:    Checking defaults for PD1/pdf/m/n on input line 40.
LaTeX Font Info:    ... okay on input line 40.
LaTeX Font Info:    Checking defaults for PU/pdf/m/n on input line 40.
LaTeX Font Info:    ... okay on input line 40.

*geometry* driver: auto-detecting
*geometry* detected driver: pdftex
*geometry* verbose mode - [ preamble ] result:
* driver: pdftex
* paper: custom
* layout: <same size as paper>
* layoutoffset:(h,v)=(0.0pt,0.0pt)
* modes: includehead includefoot 
* h-part:(L,W,R)=(10.95003pt, 342.2953pt, 10.95003pt)
* v-part:(T,H,B)=(0.0pt, 273.14662pt, 0.0pt)
* \paperwidth=364.19536pt
* \paperheight=273.14662pt
* \textwidth=342.2953pt
* \textheight=244.6939pt
* \oddsidemargin=-61.31996pt
* \evensidemargin=-61.31996pt
* \topmargin=-72.26999pt
* \headheight=14.22636pt
* \headsep=0.0pt
* \topskip=11.0pt
* \footskip=14.22636pt
* \marginparwidth=4.0pt
* \marginparsep=10.0pt
* \columnsep=10.0pt
* \skip\footins=10.0pt plus 4.0pt minus 2.0pt
* \hoffset=0.0pt
* \voffset=0.0pt
* \mag=1000
* \@twocolumnfalse
* \@twosidefalse
* \@mparswitchfalse
* \@reversemarginfalse
* (1in=72.27pt=25.4mm, 1cm=28.453pt)

(C:\Users\noebo\Downloads\.k\tex/context/base/mkii\supp-pdf.mkii
[Loading MPS to PDF converter (version 2006.09.02).]
\scratchcounter=\count352
\scratchdimen=\dimen321
\scratchbox=\box80
\nofMPsegments=\count353
\nofMParguments=\count354
\everyMPshowfont=\toks46
\MPscratchCnt=\count355
\MPscratchDim=\dimen322
\MPnumerator=\count356
\makeMPintoPDFobject=\count357
\everyMPtoPDFconversion=\toks47
) (C:\Users\noebo\Downloads\.k\tex/latex/epstopdf-pkg\epstopdf-base.sty
Package: epstopdf-base 2020-01-24 v2.11 Base part for package epstopdf
Package epstopdf-base Info: Redefining graphics rule for `.eps' on input line 4
85.

(C:\Users\noebo\Downloads\.k\tex/latex/00miktex\epstopdf-sys.cfg
File: epstopdf-sys.cfg 2021/03/18 v2.0 Configuration of epstopdf for MiKTeX
))
Package hyperref Info: Link coloring OFF on input line 40.

(beamer présentation v3.out) (beamer présentation v3.out)
\@outlinefile=\write5
\openout5 = `"beamer présentation v3.out"'.

LaTeX Font Info:    Overwriting symbol font `operators' in version `normal'
(Font)                  OT1/cmr/m/n --> OT1/cmss/m/n on input line 40.
LaTeX Font Info:    Overwriting symbol font `operators' in version `bold'
(Font)                  OT1/cmr/bx/n --> OT1/cmss/b/n on input line 40.
\symnumbers=\mathgroup7
\sympureletters=\mathgroup8
LaTeX Font Info:    Overwriting math alphabet `\mathrm' in version `normal'
(Font)                  OT1/cmss/m/n --> T1/cmr/m/n on input line 40.
LaTeX Font Info:    Redeclaring math alphabet \mathbf on input line 40.
LaTeX Font Info:    Overwriting math alphabet `\mathbf' in version `normal'
(Font)                  OT1/cmr/bx/n --> T1/cmss/b/n on input line 40.
LaTeX Font Info:    Overwriting math alphabet `\mathbf' in version `bold'
(Font)                  OT1/cmr/bx/n --> T1/cmss/b/n on input line 40.
LaTeX Font Info:    Redeclaring math alphabet \mathsf on input line 40.
LaTeX Font Info:    Overwriting math alphabet `\mathsf' in version `normal'
(Font)                  OT1/cmss/m/n --> T1/cmss/m/n on input line 40.
LaTeX Font Info:    Overwriting math alphabet `\mathsf' in version `bold'
(Font)                  OT1/cmss/bx/n --> T1/cmss/m/n on input line 40.
LaTeX Font Info:    Redeclaring math alphabet \mathit on input line 40.
LaTeX Font Info:    Overwriting math alphabet `\mathit' in version `normal'
(Font)                  OT1/cmr/m/it --> T1/cmss/m/it on input line 40.
LaTeX Font Info:    Overwriting math alphabet `\mathit' in version `bold'
(Font)                  OT1/cmr/bx/it --> T1/cmss/m/it on input line 40.
LaTeX Font Info:    Redeclaring math alphabet \mathtt on input line 40.
LaTeX Font Info:    Overwriting math alphabet `\mathtt' in version `normal'
(Font)                  OT1/cmtt/m/n --> T1/cmtt/m/n on input line 40.
LaTeX Font Info:    Overwriting math alphabet `\mathtt' in version `bold'
(Font)                  OT1/cmtt/m/n --> T1/cmtt/m/n on input line 40.
LaTeX Font Info:    Overwriting symbol font `numbers' in version `bold'
(Font)                  T1/cmss/m/n --> T1/cmss/b/n on input line 40.
LaTeX Font Info:    Overwriting symbol font `pureletters' in version `bold'
(Font)                  T1/cmss/m/it --> T1/cmss/b/it on input line 40.
LaTeX Font Info:    Overwriting math alphabet `\mathrm' in version `bold'
(Font)                  OT1/cmss/b/n --> T1/cmr/b/n on input line 40.
LaTeX Font Info:    Overwriting math alphabet `\mathbf' in version `bold'
(Font)                  T1/cmss/b/n --> T1/cmss/b/n on input line 40.
LaTeX Font Info:    Overwriting math alphabet `\mathsf' in version `bold'
(Font)                  T1/cmss/m/n --> T1/cmss/b/n on input line 40.
LaTeX Font Info:    Overwriting math alphabet `\mathit' in version `bold'
(Font)                  T1/cmss/m/it --> T1/cmss/b/it on input line 40.
LaTeX Font Info:    Overwriting math alphabet `\mathtt' in version `bold'
(Font)                  T1/cmtt/m/n --> T1/cmtt/b/n on input line 40.
LaTeX Font Info:    Redeclaring symbol font `pureletters' on input line 40.
LaTeX Font Info:    Encoding `T1' has changed to `OT1' for symbol font
(Font)              `pureletters' in the math version `normal' on input line 40
.
LaTeX Font Info:    Overwriting symbol font `pureletters' in version `normal'
(Font)                  T1/cmss/m/it --> OT1/mathkerncmss/m/sl on input line 40
.
LaTeX Font Info:    Encoding `T1' has changed to `OT1' for symbol font
(Font)              `pureletters' in the math version `bold' on input line 40.
LaTeX Font Info:    Overwriting symbol font `pureletters' in version `bold'
(Font)                  T1/cmss/b/it --> OT1/mathkerncmss/m/sl on input line 40
.
LaTeX Font Info:    Overwriting symbol font `pureletters' in version `bold'
(Font)                  OT1/mathkerncmss/m/sl --> OT1/mathkerncmss/bx/sl on inp
ut line 40.

(C:\Users\noebo\Downloads\.k\tex/latex/translator\translator-basic-dictionary-E
nglish.dict
Dictionary: translator-basic-dictionary, Language: English 
)
(C:\Users\noebo\Downloads\.k\tex/latex/translator\translator-bibliography-dicti
onary-English.dict
Dictionary: translator-bibliography-dictionary, Language: English 
)
(C:\Users\noebo\Downloads\.k\tex/latex/translator\translator-environment-dictio
nary-English.dict
Dictionary: translator-environment-dictionary, Language: English 
)
(C:\Users\noebo\Downloads\.k\tex/latex/translator\translator-months-dictionary-
English.dict
Dictionary: translator-months-dictionary, Language: English 
)
(C:\Users\noebo\Downloads\.k\tex/latex/translator\translator-numbers-dictionary
-English.dict
Dictionary: translator-numbers-dictionary, Language: English 
)
(C:\Users\noebo\Downloads\.k\tex/latex/translator\translator-theorem-dictionary
-English.dict
Dictionary: translator-theorem-dictionary, Language: English 
)
LaTeX Info: Redefining \degres on input line 40.
LaTeX Info: Redefining \up on input line 40.
 (beamer présentation v3.nav)
LaTeX Font Info:    Trying to load font information for TS1+cmss on input line 
40.

(C:\Users\noebo\Downloads\.k\tex/latex/base\ts1cmss.fd
File: ts1cmss.fd 2019/12/16 v2.5j Standard LaTeX font definitions
)
Overfull \hbox (54.32684pt too wide) detected at line 40
  [] [][][][] [][][][][][][] [][][][][] [][][][][][][] [][][] [][][][][][][][][
][][]  
 []


Overfull \hbox (54.32684pt too wide) has occurred while \output is active
  [] [][][][] [][][][][][][] [][][][][] [][][][][][][] [][][] [][][][][][][][][
][][]  
 []

[1{C:/Users/noebo/AppData/Local/MiKTeX/fonts/map/pdftex/pdftex.map}

]
<C:/Users/noebo/OneDrive/Documents/Prépa/TIPE TMD/Présentation/Photos comp/im
age tmd pont-min.jpg, id=185, 321.2pt x 218.8175pt>
File: C:/Users/noebo/OneDrive/Documents/Prépa/TIPE TMD/Présentation/Photos co
mp/image tmd pont-min.jpg Graphic file (type jpg)
<use C:/Users/noebo/OneDrive/Documents/Prépa/TIPE TMD/Présentation/Photos com
p/image tmd pont-min.jpg>
Package pdftex.def Info: C:/Users/noebo/OneDrive/Documents/Prépa/TIPE TMD/Pré
sentation/Photos comp/image tmd pont-min.jpg  used on input line 74.
(pdftex.def)             Requested size: 157.45813pt x 107.27159pt.
LaTeX Font Info:    Trying to load font information for U+msa on input line 74.


(C:\Users\noebo\Downloads\.k\tex/latex/amsfonts\umsa.fd
File: umsa.fd 2013/01/14 v3.01 AMS symbols A
)
LaTeX Font Info:    Trying to load font information for U+msb on input line 74.


(C:\Users\noebo\Downloads\.k\tex/latex/amsfonts\umsb.fd
File: umsb.fd 2013/01/14 v3.01 AMS symbols B
)
LaTeX Font Info:    Trying to load font information for U+rsfs on input line 74
.

(C:\Users\noebo\Downloads\.k\tex/latex/jknappen\ursfs.fd
File: ursfs.fd 1998/03/24 rsfs font definition file (jk)
)
LaTeX Font Info:    Trying to load font information for OT1+mathkerncmss on inp
ut line 74.

(C:\Users\noebo\Downloads\.k\tex/latex/sansmathaccent\ot1mathkerncmss.fd
File: ot1mathkerncmss.fd 2020/01/31 Fontinst v1.933 font definitions for OT1/ma
thkerncmss.
)
<C:/Users/noebo/OneDrive/Documents/Prépa/TIPE TMD/Présentation/Photos comp/im
age tour tawai pendule-min.jpg, id=186, 475.7775pt x 317.185pt>
File: C:/Users/noebo/OneDrive/Documents/Prépa/TIPE TMD/Présentation/Photos co
mp/image tour tawai pendule-min.jpg Graphic file (type jpg)
<use C:/Users/noebo/OneDrive/Documents/Prépa/TIPE TMD/Présentation/Photos com
p/image tour tawai pendule-min.jpg>
Package pdftex.def Info: C:/Users/noebo/OneDrive/Documents/Prépa/TIPE TMD/Pré
sentation/Photos comp/image tour tawai pendule-min.jpg  used on input line 74.
(pdftex.def)             Requested size: 157.45813pt x 104.97144pt.

Overfull \hbox (54.32684pt too wide) has occurred while \output is active
  [] [][][][] [][][][][][][] [][][][][] [][][][][][][] [][][] [][][][][][][][][
][][]  
 []

[2

 <C:/Users/noebo/OneDrive/Documents/Prépa/TIPE TMD/Présentation/Photos comp/i
mage tmd pont-min.jpg> <C:/Users/noebo/OneDrive/Documents/Prépa/TIPE TMD/Prés
entation/Photos comp/image tour tawai pendule-min.jpg>]
Overfull \hbox (54.32684pt too wide) has occurred while \output is active
  [] [][][][] [][][][][][][] [][][][][] [][][][][][][] [][][] [][][][][][][][][
][][]  
 []

[3

]
Overfull \hbox (54.32684pt too wide) has occurred while \output is active
  [] [][][][] [][][][][][][] [][][][][] [][][][][][][] [][][] [][][][][][][][][
][][]  
 []

[4

]
<C:/Users/noebo/OneDrive/Documents/Prépa/TIPE TMD/Présentation/Photos comp/IM
G_3412-min.JPG, id=380, 2785.40625pt x 3523.1625pt>
File: C:/Users/noebo/OneDrive/Documents/Prépa/TIPE TMD/Présentation/Photos co
mp/IMG_3412-min.JPG Graphic file (type jpg)
<use C:/Users/noebo/OneDrive/Documents/Prépa/TIPE TMD/Présentation/Photos com
p/IMG_3412-min.JPG>
Package pdftex.def Info: C:/Users/noebo/OneDrive/Documents/Prépa/TIPE TMD/Pré
sentation/Photos comp/IMG_3412-min.JPG  used on input line 128.
(pdftex.def)             Requested size: 125.79361pt x 159.07306pt.
<C:/Users/noebo/OneDrive/Documents/Prépa/TIPE TMD/Présentation/Photos comp/IM
G_3380-min.JPG, id=381, 3035.34pt x 4047.12pt>
File: C:/Users/noebo/OneDrive/Documents/Prépa/TIPE TMD/Présentation/Photos co
mp/IMG_3380-min.JPG Graphic file (type jpg)
<use C:/Users/noebo/OneDrive/Documents/Prépa/TIPE TMD/Présentation/Photos com
p/IMG_3380-min.JPG>
Package pdftex.def Info: C:/Users/noebo/OneDrive/Documents/Prépa/TIPE TMD/Pré
sentation/Photos comp/IMG_3380-min.JPG  used on input line 128.
(pdftex.def)             Requested size: 119.80283pt x 159.69583pt.

Overfull \hbox (54.32684pt too wide) has occurred while \output is active
  [] [][][][] [][][][][][][] [][][][][] [][][][][][][] [][][] [][][][][][][][][
][][]  
 []

[5

 <C:/Users/noebo/OneDrive/Documents/Prépa/TIPE TMD/Présentation/Photos comp/I
MG_3412-min.JPG> <C:/Users/noebo/OneDrive/Documents/Prépa/TIPE TMD/Présentati
on/Photos comp/IMG_3380-min.JPG>]
<C:/Users/noebo/OneDrive/Documents/Prépa/TIPE TMD/Présentation/Photos comp/IM
G_E3392-min.JPG, id=444, 2276.505pt x 4047.12pt>
File: C:/Users/noebo/OneDrive/Documents/Prépa/TIPE TMD/Présentation/Photos co
mp/IMG_E3392-min.JPG Graphic file (type jpg)
<use C:/Users/noebo/OneDrive/Documents/Prépa/TIPE TMD/Présentation/Photos com
p/IMG_E3392-min.JPG>
Package pdftex.def Info: C:/Users/noebo/OneDrive/Documents/Prépa/TIPE TMD/Pré
sentation/Photos comp/IMG_E3392-min.JPG  used on input line 152.
(pdftex.def)             Requested size: 102.68962pt x 182.54482pt.

Overfull \vbox (9.33476pt too high) detected at line 152
 []


Overfull \hbox (54.32684pt too wide) has occurred while \output is active
  [] [][][][] [][][][][][][] [][][][][] [][][][][][][] [][][] [][][][][][][][][
][][]  
 []

[6

 <C:/Users/noebo/OneDrive/Documents/Prépa/TIPE TMD/Présentation/Photos comp/I
MG_E3392-min.JPG>]
<C:/Users/noebo/OneDrive/Documents/Prépa/TIPE TMD/Présentation/Photos comp/IM
G_2609-min.JPG, id=507, 3035.34pt x 3158.80125pt>
File: C:/Users/noebo/OneDrive/Documents/Prépa/TIPE TMD/Présentation/Photos co
mp/IMG_2609-min.JPG Graphic file (type jpg)
<use C:/Users/noebo/OneDrive/Documents/Prépa/TIPE TMD/Présentation/Photos com
p/IMG_2609-min.JPG>
Package pdftex.def Info: C:/Users/noebo/OneDrive/Documents/Prépa/TIPE TMD/Pré
sentation/Photos comp/IMG_2609-min.JPG  used on input line 174.
(pdftex.def)             Requested size: 136.91862pt x 142.47731pt.

Overfull \hbox (54.32684pt too wide) has occurred while \output is active
  [] [][][][] [][][][][][][] [][][][][] [][][][][][][] [][][] [][][][][][][][][
][][]  
 []

[7

 <C:/Users/noebo/OneDrive/Documents/Prépa/TIPE TMD/Présentation/Photos comp/I
MG_2609-min.JPG>]
<C:/Users/noebo/OneDrive/Documents/Prépa/TIPE TMD/Présentation/Photos comp/IM
G_3367b-min.JPG, id=571, 4047.12pt x 3035.34pt>
File: C:/Users/noebo/OneDrive/Documents/Prépa/TIPE TMD/Présentation/Photos co
mp/IMG_3367b-min.JPG Graphic file (type jpg)
<use C:/Users/noebo/OneDrive/Documents/Prépa/TIPE TMD/Présentation/Photos com
p/IMG_3367b-min.JPG>
Package pdftex.def Info: C:/Users/noebo/OneDrive/Documents/Prépa/TIPE TMD/Pré
sentation/Photos comp/IMG_3367b-min.JPG  used on input line 208.
(pdftex.def)             Requested size: 171.14764pt x 128.34024pt.
<C:/Users/noebo/OneDrive/Documents/Prépa/TIPE TMD/Présentation/Photos comp/Sc
hema_oscillateur_position_droite.drawio-min.png, id=572, 833.1125pt x 612.2875p
t>
File: C:/Users/noebo/OneDrive/Documents/Prépa/TIPE TMD/Présentation/Photos co
mp/Schema_oscillateur_position_droite.drawio-min.png Graphic file (type png)
<use C:/Users/noebo/OneDrive/Documents/Prépa/TIPE TMD/Présentation/Photos com
p/Schema_oscillateur_position_droite.drawio-min.png>
Package pdftex.def Info: C:/Users/noebo/OneDrive/Documents/Prépa/TIPE TMD/Pré
sentation/Photos comp/Schema_oscillateur_position_droite.drawio-min.png  used o
n input line 208.
(pdftex.def)             Requested size: 85.57382pt x 62.886pt.

Overfull \vbox (5.86392pt too high) detected at line 208
 []


Overfull \hbox (54.32684pt too wide) has occurred while \output is active
  [] [][][][] [][][][][][][] [][][][][] [][][][][][][] [][][] [][][][][][][][][
][][]  
 []

[8

 <C:/Users/noebo/OneDrive/Documents/Prépa/TIPE TMD/Présentation/Photos comp/I
MG_3367b-min.JPG> <C:/Users/noebo/OneDrive/Documents/Prépa/TIPE TMD/Présentat
ion/Photos comp/Schema_oscillateur_position_droite.drawio-min.png>]
<C:/Users/noebo/OneDrive/Documents/Prépa/TIPE TMD/Présentation/Photos comp/IM
G_3378-min.JPG, id=636, 3035.34pt x 4047.12pt>
File: C:/Users/noebo/OneDrive/Documents/Prépa/TIPE TMD/Présentation/Photos co
mp/IMG_3378-min.JPG Graphic file (type jpg)
<use C:/Users/noebo/OneDrive/Documents/Prépa/TIPE TMD/Présentation/Photos com
p/IMG_3378-min.JPG>
Package pdftex.def Info: C:/Users/noebo/OneDrive/Documents/Prépa/TIPE TMD/Pré
sentation/Photos comp/IMG_3378-min.JPG  used on input line 235.
(pdftex.def)             Requested size: 85.57382pt x 114.05963pt.
<C:/Users/noebo/OneDrive/Documents/Prépa/TIPE TMD/Présentation/Photos comp/IM
G_E3393-min.JPG, id=637, 2276.505pt x 4047.12pt>
File: C:/Users/noebo/OneDrive/Documents/Prépa/TIPE TMD/Présentation/Photos co
mp/IMG_E3393-min.JPG Graphic file (type jpg)
<use C:/Users/noebo/OneDrive/Documents/Prépa/TIPE TMD/Présentation/Photos com
p/IMG_E3393-min.JPG>
Package pdftex.def Info: C:/Users/noebo/OneDrive/Documents/Prépa/TIPE TMD/Pré
sentation/Photos comp/IMG_E3393-min.JPG  used on input line 235.
(pdftex.def)             Requested size: 85.57382pt x 152.1001pt.

Overfull \hbox (54.32684pt too wide) has occurred while \output is active
  [] [][][][] [][][][][][][] [][][][][] [][][][][][][] [][][] [][][][][][][][][
][][]  
 []

[9

 <C:/Users/noebo/OneDrive/Documents/Prépa/TIPE TMD/Présentation/Photos comp/I
MG_3378-min.JPG> <C:/Users/noebo/OneDrive/Documents/Prépa/TIPE TMD/Présentati
on/Photos comp/IMG_E3393-min.JPG>]
<C:/Users/noebo/OneDrive/Documents/Prépa/TIPE TMD/Présentation/Photos comp/Ma
quette schema 2D.drawio-min.png, id=700, 830.10126pt x 661.47125pt>
File: C:/Users/noebo/OneDrive/Documents/Prépa/TIPE TMD/Présentation/Photos co
mp/Maquette schema 2D.drawio-min.png Graphic file (type png)
<use C:/Users/noebo/OneDrive/Documents/Prépa/TIPE TMD/Présentation/Photos com
p/Maquette schema 2D.drawio-min.png>
Package pdftex.def Info: C:/Users/noebo/OneDrive/Documents/Prépa/TIPE TMD/Pré
sentation/Photos comp/Maquette schema 2D.drawio-min.png  used on input line 242
.
(pdftex.def)             Requested size: 232.75829pt x 185.47311pt.

Overfull \vbox (10.26306pt too high) detected at line 242
 []


Overfull \hbox (54.32684pt too wide) has occurred while \output is active
  [] [][][][] [][][][][][][] [][][][][] [][][][][][][] [][][] [][][][][][][][][
][][]  
 []

[10

 <C:/Users/noebo/OneDrive/Documents/Prépa/TIPE TMD/Présentation/Photos comp/M
aquette schema 2D.drawio-min.png>]
<C:/Users/noebo/OneDrive/Documents/Prépa/TIPE TMD/Présentation/Modélisation 
sans pendule.PNG, id=764, 298.11375pt x 182.6825pt>
File: C:/Users/noebo/OneDrive/Documents/Prépa/TIPE TMD/Présentation/Modélisa
tion sans pendule.PNG Graphic file (type png)
<use C:/Users/noebo/OneDrive/Documents/Prépa/TIPE TMD/Présentation/Modélisat
ion sans pendule.PNG>
Package pdftex.def Info: C:/Users/noebo/OneDrive/Documents/Prépa/TIPE TMD/Pré
sentation/Modélisation sans pendule.PNG  used on input line 264.
(pdftex.def)             Requested size: 102.68962pt x 62.92795pt.

Overfull \hbox (12.33154pt too wide) detected at line 264
[][][] $[]$[][][][][][][][] $[]$[][][][][][] 
 []


Overfull \hbox (54.32684pt too wide) has occurred while \output is active
  [] [][][][] [][][][][][][] [][][][][] [][][][][][][] [][][] [][][][][][][][][
][][]  
 []

[11

 <C:/Users/noebo/OneDrive/Documents/Prépa/TIPE TMD/Présentation/Modélisation
 sans pendule.PNG>]
<C:/Users/noebo/OneDrive/Documents/Prépa/TIPE TMD/Présentation/ModelisationMP
-min.png, id=837, 513.92pt x 177.66376pt>
File: C:/Users/noebo/OneDrive/Documents/Prépa/TIPE TMD/Présentation/Modelisat
ionMP-min.png Graphic file (type png)
<use C:/Users/noebo/OneDrive/Documents/Prépa/TIPE TMD/Présentation/Modelisati
onMP-min.png>
Package pdftex.def Info: C:/Users/noebo/OneDrive/Documents/Prépa/TIPE TMD/Pré
sentation/ModelisationMP-min.png  used on input line 293.
(pdftex.def)             Requested size: 171.14764pt x 59.16597pt.

Overfull \hbox (54.32684pt too wide) has occurred while \output is active
  [] [][][][] [][][][][][][] [][][][][] [][][][][][][] [][][] [][][][][][][][][
][][]  
 []

[12

 <C:/Users/noebo/OneDrive/Documents/Prépa/TIPE TMD/Présentation/ModelisationM
P-min.png>]
Overfull \hbox (54.32684pt too wide) has occurred while \output is active
  [] [][][][] [][][][][][][] [][][][][] [][][][][][][] [][][] [][][][][][][][][
][][]  
 []

[13

]
Overfull \hbox (54.32684pt too wide) has occurred while \output is active
  [] [][][][] [][][][][][][] [][][][][] [][][][][][][] [][][] [][][][][][][][][
][][]  
 []

[14

]
<C:/Users/noebo/OneDrive/Documents/Prépa/TIPE TMD/Présentation/Données pi av
ec comparaison/Sans pendule.png, id=1029, 933.7284pt x 289.08pt>
File: C:/Users/noebo/OneDrive/Documents/Prépa/TIPE TMD/Présentation/Données 
pi avec comparaison/Sans pendule.png Graphic file (type png)
<use C:/Users/noebo/OneDrive/Documents/Prépa/TIPE TMD/Présentation/Données p
i avec comparaison/Sans pendule.png>
Package pdftex.def Info: C:/Users/noebo/OneDrive/Documents/Prépa/TIPE TMD/Pré
sentation/Données pi avec comparaison/Sans pendule.png  used on input line 358
.
(pdftex.def)             Requested size: 336.14197pt x 104.06871pt.

Overfull \hbox (54.32684pt too wide) has occurred while \output is active
  [] [][][][] [][][][][][][] [][][][][] [][][][][][][] [][][] [][][][][][][][][
][][]  
 []

[15

 <C:/Users/noebo/OneDrive/Documents/Prépa/TIPE TMD/Présentation/Données pi a
vec comparaison/Sans pendule.png>]
<C:/Users/noebo/OneDrive/Documents/Prépa/TIPE TMD/Présentation/Données pi av
ec comparaison/Pendule 100g à 9,4 cm.png, id=1093, 933.7284pt x 289.08pt>
File: C:/Users/noebo/OneDrive/Documents/Prépa/TIPE TMD/Présentation/Données 
pi avec comparaison/Pendule 100g à 9,4 cm.png Graphic file (type png)
<use C:/Users/noebo/OneDrive/Documents/Prépa/TIPE TMD/Présentation/Données p
i avec comparaison/Pendule 100g à 9,4 cm.png>
Package pdftex.def Info: C:/Users/noebo/OneDrive/Documents/Prépa/TIPE TMD/Pré
sentation/Données pi avec comparaison/Pendule 100g à 9,4 cm.png  used on inpu
t line 373.
(pdftex.def)             Requested size: 308.13132pt x 95.39668pt.
<C:/Users/noebo/OneDrive/Documents/Prépa/TIPE TMD/Présentation/Données pi av
ec comparaison/Pendule 100g à 5 cm.png, id=1094, 933.7284pt x 289.08pt>
File: C:/Users/noebo/OneDrive/Documents/Prépa/TIPE TMD/Présentation/Données 
pi avec comparaison/Pendule 100g à 5 cm.png Graphic file (type png)
<use C:/Users/noebo/OneDrive/Documents/Prépa/TIPE TMD/Présentation/Données p
i avec comparaison/Pendule 100g à 5 cm.png>
Package pdftex.def Info: C:/Users/noebo/OneDrive/Documents/Prépa/TIPE TMD/Pré
sentation/Données pi avec comparaison/Pendule 100g à 5 cm.png  used on input 
line 373.
(pdftex.def)             Requested size: 308.13132pt x 95.39668pt.

Overfull \vbox (2.76797pt too high) detected at line 373
 []


Overfull \hbox (54.32684pt too wide) has occurred while \output is active
  [] [][][][] [][][][][][][] [][][][][] [][][][][][][] [][][] [][][][][][][][][
][][]  
 []

[16

 <C:/Users/noebo/OneDrive/Documents/Prépa/TIPE TMD/Présentation/Données pi a
vec comparaison/Pendule 100g à 9,4 cm.png> <C:/Users/noebo/OneDrive/Documents/
Prépa/TIPE TMD/Présentation/Données pi avec comparaison/Pendule 100g à 5 cm
.png>]
<C:/Users/noebo/OneDrive/Documents/Prépa/TIPE TMD/Présentation/Données pi av
ec comparaison/Pendule 100g à 3 cm.png, id=1159, 933.7284pt x 289.08pt>
File: C:/Users/noebo/OneDrive/Documents/Prépa/TIPE TMD/Présentation/Données 
pi avec comparaison/Pendule 100g à 3 cm.png Graphic file (type png)
<use C:/Users/noebo/OneDrive/Documents/Prépa/TIPE TMD/Présentation/Données p
i avec comparaison/Pendule 100g à 3 cm.png>
Package pdftex.def Info: C:/Users/noebo/OneDrive/Documents/Prépa/TIPE TMD/Pré
sentation/Données pi avec comparaison/Pendule 100g à 3 cm.png  used on input 
line 388.
(pdftex.def)             Requested size: 308.13132pt x 95.39668pt.

Overfull \hbox (54.32684pt too wide) has occurred while \output is active
  [] [][][][] [][][][][][][] [][][][][] [][][][][][][] [][][] [][][][][][][][][
][][]  
 []

[17

 <C:/Users/noebo/OneDrive/Documents/Prépa/TIPE TMD/Présentation/Données pi a
vec comparaison/Pendule 100g à 3 cm.png>]
File: C:/Users/noebo/OneDrive/Documents/Prépa/TIPE TMD/Présentation/Données 
pi avec comparaison/Pendule 100g à 9,4 cm.png Graphic file (type png)
<use C:/Users/noebo/OneDrive/Documents/Prépa/TIPE TMD/Présentation/Données p
i avec comparaison/Pendule 100g à 9,4 cm.png>
Package pdftex.def Info: C:/Users/noebo/OneDrive/Documents/Prépa/TIPE TMD/Pré
sentation/Données pi avec comparaison/Pendule 100g à 9,4 cm.png  used on inpu
t line 403.
(pdftex.def)             Requested size: 308.13132pt x 95.39668pt.
<C:/Users/noebo/OneDrive/Documents/Prépa/TIPE TMD/Présentation/Données pi av
ec comparaison/Pendule 73.3g à 9,4 cm.png, id=1223, 933.7284pt x 289.08pt>
File: C:/Users/noebo/OneDrive/Documents/Prépa/TIPE TMD/Présentation/Données 
pi avec comparaison/Pendule 73.3g à 9,4 cm.png Graphic file (type png)
<use C:/Users/noebo/OneDrive/Documents/Prépa/TIPE TMD/Présentation/Données p
i avec comparaison/Pendule 73.3g à 9,4 cm.png>
Package pdftex.def Info: C:/Users/noebo/OneDrive/Documents/Prépa/TIPE TMD/Pré
sentation/Données pi avec comparaison/Pendule 73.3g à 9,4 cm.png  used on inp
ut line 403.
(pdftex.def)             Requested size: 308.13132pt x 95.39668pt.

Overfull \hbox (54.32684pt too wide) has occurred while \output is active
  [] [][][][] [][][][][][][] [][][][][] [][][][][][][] [][][] [][][][][][][][][
][][]  
 []

[18

 <C:/Users/noebo/OneDrive/Documents/Prépa/TIPE TMD/Présentation/Données pi a
vec comparaison/Pendule 73.3g à 9,4 cm.png>]
<C:/Users/noebo/OneDrive/Documents/Prépa/TIPE TMD/Présentation/Photos comp/IM
G_E3390-min.JPG, id=1287, 4047.12pt x 2276.505pt>
File: C:/Users/noebo/OneDrive/Documents/Prépa/TIPE TMD/Présentation/Photos co
mp/IMG_E3390-min.JPG Graphic file (type jpg)
<use C:/Users/noebo/OneDrive/Documents/Prépa/TIPE TMD/Présentation/Photos com
p/IMG_E3390-min.JPG>
Package pdftex.def Info: C:/Users/noebo/OneDrive/Documents/Prépa/TIPE TMD/Pré
sentation/Photos comp/IMG_E3390-min.JPG  used on input line 426.
(pdftex.def)             Requested size: 171.14764pt x 96.25519pt.

Overfull \hbox (54.32684pt too wide) has occurred while \output is active
  [] [][][][] [][][][][][][] [][][][][] [][][][][][][] [][][] [][][][][][][][][
][][]  
 []

[19

 <C:/Users/noebo/OneDrive/Documents/Prépa/TIPE TMD/Présentation/Photos comp/I
MG_E3390-min.JPG>]
<C:/Users/noebo/OneDrive/Documents/Prépa/TIPE TMD/Présentation/Photos/coup de
 vent comparaison-min.png, id=1351, 1110.0672pt x 544.9158pt>
File: C:/Users/noebo/OneDrive/Documents/Prépa/TIPE TMD/Présentation/Photos/co
up de vent comparaison-min.png Graphic file (type png)
<use C:/Users/noebo/OneDrive/Documents/Prépa/TIPE TMD/Présentation/Photos/cou
p de vent comparaison-min.png>
Package pdftex.def Info: C:/Users/noebo/OneDrive/Documents/Prépa/TIPE TMD/Pré
sentation/Photos/coup de vent comparaison-min.png  used on input line 443.
(pdftex.def)             Requested size: 290.9531pt x 142.82219pt.

Overfull \vbox (1.77657pt too high) detected at line 443
 []


Overfull \hbox (54.32684pt too wide) has occurred while \output is active
  [] [][][][] [][][][][][][] [][][][][] [][][][][][][] [][][] [][][][][][][][][
][][]  
 []

[20

 <C:/Users/noebo/OneDrive/Documents/Prépa/TIPE TMD/Présentation/Photos/coup d
e vent comparaison-min.png>]
Overfull \hbox (54.32684pt too wide) has occurred while \output is active
  [] [][][][] [][][][][][][] [][][][][] [][][][][][][] [][][] [][][][][][][][][
][][]  
 []

[21

]
Overfull \hbox (54.32684pt too wide) has occurred while \output is active
  [] [][][][] [][][][][][][] [][][][][] [][][][][][][] [][][] [][][][][][][][][
][][]  
 []

[22

]
File: C:/Users/noebo/OneDrive/Documents/Prépa/TIPE TMD/Présentation/Photos co
mp/IMG_3380-min.JPG Graphic file (type jpg)
<use C:/Users/noebo/OneDrive/Documents/Prépa/TIPE TMD/Présentation/Photos com
p/IMG_3380-min.JPG>
Package pdftex.def Info: C:/Users/noebo/OneDrive/Documents/Prépa/TIPE TMD/Pré
sentation/Photos comp/IMG_3380-min.JPG  used on input line 513.
(pdftex.def)             Requested size: 136.91862pt x 182.54482pt.

Overfull \vbox (9.33476pt too high) detected at line 513
 []


Overfull \hbox (54.32684pt too wide) has occurred while \output is active
  [] [][][][] [][][][][][][] [][][][][] [][][][][][][] [][][] [][][][][][][][][
][][]  
 []

[23

]
<C:/Users/noebo/OneDrive/Documents/Prépa/TIPE TMD/Présentation/Photos/objecti
f en courbe bis.png, id=1601, 702.625pt x 315.1775pt>
File: C:/Users/noebo/OneDrive/Documents/Prépa/TIPE TMD/Présentation/Photos/ob
jectif en courbe bis.png Graphic file (type png)
<use C:/Users/noebo/OneDrive/Documents/Prépa/TIPE TMD/Présentation/Photos/obj
ectif en courbe bis.png>
Package pdftex.def Info: C:/Users/noebo/OneDrive/Documents/Prépa/TIPE TMD/Pré
sentation/Photos/objectif en courbe bis.png  used on input line 523.
(pdftex.def)             Requested size: 273.83728pt x 122.83696pt.

Overfull \hbox (54.32684pt too wide) has occurred while \output is active
  [] [][][][] [][][][][][][] [][][][][] [][][][][][][] [][][] [][][][][][][][][
][][]  
 []

[24

 <C:/Users/noebo/OneDrive/Documents/Prépa/TIPE TMD/Présentation/Photos/object
if en courbe bis.png>]
<C:/Users/noebo/OneDrive/Documents/Prépa/TIPE TMD/Présentation/Photos comp/Sc
héma pendule.drawio-min.png, id=1665, 328.22626pt x 382.42876pt>
File: C:/Users/noebo/OneDrive/Documents/Prépa/TIPE TMD/Présentation/Photos co
mp/Schéma pendule.drawio-min.png Graphic file (type png)
<use C:/Users/noebo/OneDrive/Documents/Prépa/TIPE TMD/Présentation/Photos com
p/Schéma pendule.drawio-min.png>
Package pdftex.def Info: C:/Users/noebo/OneDrive/Documents/Prépa/TIPE TMD/Pré
sentation/Photos comp/Schéma pendule.drawio-min.png  used on input line 548.
(pdftex.def)             Requested size: 136.91862pt x 159.52776pt.

Overfull \hbox (54.32684pt too wide) has occurred while \output is active
  [] [][][][] [][][][][][][] [][][][][] [][][][][][][] [][][] [][][][][][][][][
][][]  
 []

[25

 <C:/Users/noebo/OneDrive/Documents/Prépa/TIPE TMD/Présentation/Photos comp/S
chéma pendule.drawio-min.png>]
<C:/Users/noebo/OneDrive/Documents/Prépa/TIPE TMD/Présentation/Photos comp/sc
héma axe lineaire-min.png, id=1730, 228.855pt x 142.03062pt>
File: C:/Users/noebo/OneDrive/Documents/Prépa/TIPE TMD/Présentation/Photos co
mp/schéma axe lineaire-min.png Graphic file (type png)
<use C:/Users/noebo/OneDrive/Documents/Prépa/TIPE TMD/Présentation/Photos com
p/schéma axe lineaire-min.png>
Package pdftex.def Info: C:/Users/noebo/OneDrive/Documents/Prépa/TIPE TMD/Pré
sentation/Photos comp/schéma axe lineaire-min.png  used on input line 589.
(pdftex.def)             Requested size: 136.91862pt x 84.97629pt.
<C:/Users/noebo/OneDrive/Documents/Prépa/TIPE TMD/Présentation/Photos comp/sw
 axe linéaire-min.png, id=1731, 397.98688pt x 316.68312pt>
File: C:/Users/noebo/OneDrive/Documents/Prépa/TIPE TMD/Présentation/Photos co
mp/sw axe linéaire-min.png Graphic file (type png)
<use C:/Users/noebo/OneDrive/Documents/Prépa/TIPE TMD/Présentation/Photos com
p/sw axe linéaire-min.png>
Package pdftex.def Info: C:/Users/noebo/OneDrive/Documents/Prépa/TIPE TMD/Pré
sentation/Photos comp/sw axe linéaire-min.png  used on input line 589.
(pdftex.def)             Requested size: 154.03183pt x 122.56363pt.

Overfull \hbox (54.32684pt too wide) has occurred while \output is active
  [] [][][][] [][][][][][][] [][][][][] [][][][][][][] [][][] [][][][][][][][][
][][]  
 []

[26

 <C:/Users/noebo/OneDrive/Documents/Prépa/TIPE TMD/Présentation/Photos comp/s
chéma axe lineaire-min.png> <C:/Users/noebo/OneDrive/Documents/Prépa/TIPE TMD
/Présentation/Photos comp/sw axe linéaire-min.png>]
<C:/Users/noebo/OneDrive/Documents/Prépa/TIPE TMD/Présentation/Photos comp/mi
crosensor_microactuator-min.png, id=1796, 387.4475pt x 297.11pt>
File: C:/Users/noebo/OneDrive/Documents/Prépa/TIPE TMD/Présentation/Photos co
mp/microsensor_microactuator-min.png Graphic file (type png)
<use C:/Users/noebo/OneDrive/Documents/Prépa/TIPE TMD/Présentation/Photos com
p/microsensor_microactuator-min.png>
Package pdftex.def Info: C:/Users/noebo/OneDrive/Documents/Prépa/TIPE TMD/Pré
sentation/Photos comp/microsensor_microactuator-min.png  used on input line 611
.
(pdftex.def)             Requested size: 171.14764pt x 131.24562pt.

Overfull \hbox (54.32684pt too wide) has occurred while \output is active
  [] [][][][] [][][][][][][] [][][][][] [][][][][][][] [][][] [][][][][][][][][
][][]  
 []

[27

 <C:/Users/noebo/OneDrive/Documents/Prépa/TIPE TMD/Présentation/Photos comp/m
icrosensor_microactuator-min.png (PNG copy)>]
<C:/Users/noebo/OneDrive/Documents/Prépa/TIPE TMD/Présentation/Photos comp/IM
G_3263-min.jpg, id=1859, 3035.34pt x 4047.12pt>
File: C:/Users/noebo/OneDrive/Documents/Prépa/TIPE TMD/Présentation/Photos co
mp/IMG_3263-min.jpg Graphic file (type jpg)
<use C:/Users/noebo/OneDrive/Documents/Prépa/TIPE TMD/Présentation/Photos com
p/IMG_3263-min.jpg>
Package pdftex.def Info: C:/Users/noebo/OneDrive/Documents/Prépa/TIPE TMD/Pré
sentation/Photos comp/IMG_3263-min.jpg  used on input line 623.
(pdftex.def)             Requested size: 136.91603pt x 182.54482pt.

Overfull \vbox (7.33476pt too high) detected at line 623
 []


Overfull \hbox (54.32684pt too wide) has occurred while \output is active
  [] [][][][] [][][][][][][] [][][][][] [][][][][][][] [][][] [][][][][][][][][
][][]  
 []

[28

 <C:/Users/noebo/OneDrive/Documents/Prépa/TIPE TMD/Présentation/Photos comp/I
MG_3263-min.jpg>]
<C:/Users/noebo/OneDrive/Documents/Prépa/TIPE TMD/Présentation/Photos/Code po
ur le tracé.png, id=1922, 487.8225pt x 331.2375pt>
File: C:/Users/noebo/OneDrive/Documents/Prépa/TIPE TMD/Présentation/Photos/Co
de pour le tracé.png Graphic file (type png)
<use C:/Users/noebo/OneDrive/Documents/Prépa/TIPE TMD/Présentation/Photos/Cod
e pour le tracé.png>
Package pdftex.def Info: C:/Users/noebo/OneDrive/Documents/Prépa/TIPE TMD/Pré
sentation/Photos/Code pour le tracé.png  used on input line 632.
(pdftex.def)             Requested size: 273.83728pt x 185.94156pt.

Overfull \vbox (10.7315pt too high) detected at line 632
 []


Overfull \hbox (54.32684pt too wide) has occurred while \output is active
  [] [][][][] [][][][][][][] [][][][][] [][][][][][][] [][][] [][][][][][][][][
][][]  
 []

[29

 <C:/Users/noebo/OneDrive/Documents/Prépa/TIPE TMD/Présentation/Photos/Code p
our le tracé.png>]
<C:/Users/noebo/OneDrive/Documents/Prépa/TIPE TMD/Présentation/Photos/Code po
ur l'incertitude.png, id=1986, 379.91937pt x 291.0875pt>
File: C:/Users/noebo/OneDrive/Documents/Prépa/TIPE TMD/Présentation/Photos/Co
de pour l'incertitude.png Graphic file (type png)
<use C:/Users/noebo/OneDrive/Documents/Prépa/TIPE TMD/Présentation/Photos/Cod
e pour l'incertitude.png>
Package pdftex.def Info: C:/Users/noebo/OneDrive/Documents/Prépa/TIPE TMD/Pré
sentation/Photos/Code pour l'incertitude.png  used on input line 639.
(pdftex.def)             Requested size: 239.60567pt x 183.58595pt.

Overfull \vbox (8.3759pt too high) detected at line 639
 []


Overfull \hbox (54.32684pt too wide) has occurred while \output is active
  [] [][][][] [][][][][][][] [][][][][] [][][][][][][] [][][] [][][][][][][][][
][][]  
 []

[30

 <C:/Users/noebo/OneDrive/Documents/Prépa/TIPE TMD/Présentation/Photos/Code p
our l'incertitude.png>]
<C:/Users/noebo/OneDrive/Documents/Prépa/TIPE TMD/Présentation/Photos comp/Ta
ipeï-min.jpg, id=2050, 1577.895pt x 1043.9pt>
File: C:/Users/noebo/OneDrive/Documents/Prépa/TIPE TMD/Présentation/Photos co
mp/Taipeï-min.jpg Graphic file (type jpg)
<use C:/Users/noebo/OneDrive/Documents/Prépa/TIPE TMD/Présentation/Photos com
p/Taipeï-min.jpg>
Package pdftex.def Info: C:/Users/noebo/OneDrive/Documents/Prépa/TIPE TMD/Pré
sentation/Photos comp/Taipeï-min.jpg  used on input line 665.
(pdftex.def)             Requested size: 154.03183pt x 101.89531pt.

Overfull \hbox (54.32684pt too wide) has occurred while \output is active
  [] [][][][] [][][][][][][] [][][][][] [][][][][][][] [][][] [][][][][][][][][
][][]  
 []

[31

 <C:/Users/noebo/OneDrive/Documents/Prépa/TIPE TMD/Présentation/Photos comp/T
aipeï-min.jpg>]
File: C:/Users/noebo/OneDrive/Documents/Prépa/TIPE TMD/Présentation/Photos co
mp/image tmd pont-min.jpg Graphic file (type jpg)
<use C:/Users/noebo/OneDrive/Documents/Prépa/TIPE TMD/Présentation/Photos com
p/image tmd pont-min.jpg>
Package pdftex.def Info: C:/Users/noebo/OneDrive/Documents/Prépa/TIPE TMD/Pré
sentation/Photos comp/image tmd pont-min.jpg  used on input line 688.
(pdftex.def)             Requested size: 154.03183pt x 104.93771pt.

Overfull \hbox (54.32684pt too wide) has occurred while \output is active
  [] [][][][] [][][][][][][] [][][][][] [][][][][][][] [][][] [][][][][][][][][
][][]  
 []

[32

]
\tf@nav=\write6
\openout6 = `"beamer présentation v3.nav"'.

\tf@toc=\write7
\openout7 = `"beamer présentation v3.toc"'.

\tf@snm=\write8
\openout8 = `"beamer présentation v3.snm"'.

 (beamer présentation v3.aux)
Package rerunfilecheck Info: File `"beamer présentation v3".out' has not chang
ed.
(rerunfilecheck)             Checksum: 1B48F54E760B7AFBCE68BFD34DE74F8E;883.
 ) 
Here is how much of TeX's memory you used:
 25175 strings out of 475355
 502883 string characters out of 2783675
 825193 words of memory out of 3000000
 45934 multiletter control sequences out of 15000+600000
 484801 words of font info for 65 fonts, out of 8000000 for 9000
 1141 hyphenation exceptions out of 8191
 128i,20n,122p,448b,788s stack positions out of 10000i,1000n,20000p,200000b,80000s
{C:/Users/noebo/Downloads/.k/fonts/enc/dvips/cm-super/cm-super-t1.enc}{C:/Use
rs/noebo/Downloads/.k/fonts/enc/dvips/cm-super/cm-super-ts1.enc}<C:/Users/noebo
/Downloads/.k/fonts/type1/public/amsfonts/cm/cmex10.pfb><C:/Users/noebo/Downloa
ds/.k/fonts/type1/public/amsfonts/cm/cmmi10.pfb><C:/Users/noebo/Downloads/.k/fo
nts/type1/public/amsfonts/cm/cmmi8.pfb><C:/Users/noebo/Downloads/.k/fonts/type1
/public/amsfonts/cm/cmss10.pfb><C:/Users/noebo/Downloads/.k/fonts/type1/public/
amsfonts/cm/cmss8.pfb><C:/Users/noebo/Downloads/.k/fonts/type1/public/amsfonts/
cm/cmssi10.pfb><C:/Users/noebo/Downloads/.k/fonts/type1/public/amsfonts/cm/cmss
i8.pfb><C:/Users/noebo/Downloads/.k/fonts/type1/public/amsfonts/cm/cmsy10.pfb><
C:/Users/noebo/Downloads/.k/fonts/type1/public/amsfonts/cm/cmsy8.pfb><C:/Users/
noebo/Downloads/.k/fonts/type1/public/cm-super/sfsi0800.pfb><C:/Users/noebo/Dow
nloads/.k/fonts/type1/public/cm-super/sfsi0900.pfb><C:/Users/noebo/Downloads/.k
/fonts/type1/public/cm-super/sfss0600.pfb><C:/Users/noebo/Downloads/.k/fonts/ty
pe1/public/cm-super/sfss0800.pfb><C:/Users/noebo/Downloads/.k/fonts/type1/publi
c/cm-super/sfss0900.pfb><C:/Users/noebo/Downloads/.k/fonts/type1/public/cm-supe
r/sfss1000.pfb><C:/Users/noebo/Downloads/.k/fonts/type1/public/cm-super/sfss109
5.pfb><C:/Users/noebo/Downloads/.k/fonts/type1/public/cm-super/sfss1440.pfb><C:
/Users/noebo/Downloads/.k/fonts/type1/public/cm-super/sfss2074.pfb><C:/Users/no
ebo/Downloads/.k/fonts/type1/public/cm-super/sfsx1440.pfb>
Output written on "beamer présentation v3.pdf" (32 pages, 8969741 bytes).
PDF statistics:
 2275 PDF objects out of 2487 (max. 8388607)
 72 named destinations out of 1000 (max. 500000)
 278 words of extra memory for PDF output out of 10000 (max. 10000000)

